2026-01-12 09:38:17,205 [INFO] Activator:176 - 


2026-01-12 09:38:17,209 [INFO] Activator:177 - !SESSION log4j initialized
2026-01-12 09:38:19,546 [INFO] LogOutputStream:77 - [STDOUT_REDIRECT] 
2026-01-12 09:38:31,426 [INFO] ApplicationProperties:184 - Using Application install path: C:\ST\STM32CubeIDE_1.19.0\STM32CubeIDE\plugins\com.st.stm32cube.common.mx_6.15.0.202507011659
2026-01-12 09:38:31,445 [INFO] DbMcusXml:78 - Set database path to: C:\ST\STM32CubeIDE_1.19.0\STM32CubeIDE\plugins\com.st.stm32cube.common.mx_6.15.0.202507011659\\db\/mcu/
2026-01-12 09:38:31,446 [INFO] ApiDb:274 - Set plugin database path to: C:\ST\STM32CubeIDE_1.19.0\STM32CubeIDE\plugins\com.st.stm32cube.common.mx_6.15.0.202507011659\\db\/plugins/boardmanager/
2026-01-12 09:38:31,446 [WARN] ApiDb:259 - Overriding images path with different value:  => C:\ST\STM32CubeIDE_1.19.0\STM32CubeIDE\plugins\com.st.stm32cube.common.mx_6.15.0.202507011659\\db\/plugins/mcufinder/images/
2026-01-12 09:38:31,459 [INFO] ApiDb:250 - Set database path to: C:\Users\Usuario\.stmcufinder\plugins\mcufinder//mcu/
2026-01-12 09:38:31,460 [INFO] DbMcusAds:125 - Set database path to: C:\Users\Usuario\.stmcufinder\plugins\mcufinder//mcu/
2026-01-12 09:38:31,923 [INFO] CrossReferenceDbSqlite:203 - Set database path to: C:\Users\Usuario\.stmcufinder\plugins\mcufinder//mcu/cs/
2026-01-12 09:38:32,029 [INFO] RulesReader:64 - Compatibility file has been processed (317 Rules)
2026-01-12 09:38:32,111 [INFO] DbMcusXml:78 - Set database path to: C:\ST\STM32CubeIDE_1.19.0\STM32CubeIDE\plugins\com.st.stm32cube.common.mx_6.15.0.202507011659\\db\/mcu/
2026-01-12 09:38:32,111 [INFO] ApiDb:274 - Set plugin database path to: C:\ST\STM32CubeIDE_1.19.0\STM32CubeIDE\plugins\com.st.stm32cube.common.mx_6.15.0.202507011659\\db\/plugins/boardmanager/
2026-01-12 09:38:32,111 [INFO] ApiDb:261 - Set plugin images path to: C:\ST\STM32CubeIDE_1.19.0\STM32CubeIDE\plugins\com.st.stm32cube.common.mx_6.15.0.202507011659\\db\/plugins/mcufinder/images/
2026-01-12 09:38:32,111 [WARN] DbFile:41 - Overriding database path with different value: C:\Users\Usuario\.stmcufinder\plugins\mcufinder/ => C:\Users\Usuario\.stmcufinder\plugins\mcufinder
2026-01-12 09:38:32,111 [INFO] ApiDb:250 - Set database path to: C:\Users\Usuario\.stmcufinder\plugins\mcufinder//mcu/
2026-01-12 09:38:32,112 [WARN] DbFile:41 - Overriding database path with different value: C:\Users\Usuario\.stmcufinder\plugins\mcufinder/ => C:\Users\Usuario\.stmcufinder\plugins\mcufinder
2026-01-12 09:38:32,112 [INFO] DbMcusAds:125 - Set database path to: C:\Users\Usuario\.stmcufinder\plugins\mcufinder//mcu/
2026-01-12 09:38:32,112 [WARN] DbFile:41 - Overriding database path with different value: C:\Users\Usuario\.stmcufinder\plugins\mcufinder/ => C:\Users\Usuario\.stmcufinder\plugins\mcufinder
2026-01-12 09:38:32,112 [WARN] DbFile:41 - Overriding database path with different value: C:\Users\Usuario\.stmcufinder\plugins\mcufinder/ => C:\Users\Usuario\.stmcufinder\plugins\mcufinder
2026-01-12 09:38:32,112 [INFO] CrossReferenceDbSqlite:203 - Set database path to: C:\Users\Usuario\.stmcufinder\plugins\mcufinder//mcu/cs/
2026-01-12 09:38:32,190 [INFO] MainPanel:274 - HeapMemory: 268435456
2026-01-12 09:38:32,297 [INFO] DbMcusXml:78 - Set database path to: C:\ST\STM32CubeIDE_1.19.0\STM32CubeIDE\plugins\com.st.stm32cube.common.mx_6.15.0.202507011659\\db\/mcu/
2026-01-12 09:38:32,297 [INFO] ApiDb:274 - Set plugin database path to: C:\ST\STM32CubeIDE_1.19.0\STM32CubeIDE\plugins\com.st.stm32cube.common.mx_6.15.0.202507011659\\db\/plugins/boardmanager/
2026-01-12 09:38:32,297 [INFO] ApiDb:261 - Set plugin images path to: C:\ST\STM32CubeIDE_1.19.0\STM32CubeIDE\plugins\com.st.stm32cube.common.mx_6.15.0.202507011659\\db\/plugins/mcufinder/images/
2026-01-12 09:38:32,297 [WARN] DbFile:41 - Overriding database path with different value: C:\Users\Usuario\.stmcufinder\plugins\mcufinder/ => C:\Users\Usuario\.stmcufinder\plugins\mcufinder
2026-01-12 09:38:32,297 [INFO] ApiDb:250 - Set database path to: C:\Users\Usuario\.stmcufinder\plugins\mcufinder//mcu/
2026-01-12 09:38:32,297 [WARN] DbFile:41 - Overriding database path with different value: C:\Users\Usuario\.stmcufinder\plugins\mcufinder/ => C:\Users\Usuario\.stmcufinder\plugins\mcufinder
2026-01-12 09:38:32,297 [INFO] DbMcusAds:125 - Set database path to: C:\Users\Usuario\.stmcufinder\plugins\mcufinder//mcu/
2026-01-12 09:38:32,297 [WARN] DbFile:41 - Overriding database path with different value: C:\Users\Usuario\.stmcufinder\plugins\mcufinder/ => C:\Users\Usuario\.stmcufinder\plugins\mcufinder
2026-01-12 09:38:32,298 [WARN] DbFile:41 - Overriding database path with different value: C:\Users\Usuario\.stmcufinder\plugins\mcufinder/ => C:\Users\Usuario\.stmcufinder\plugins\mcufinder
2026-01-12 09:38:32,298 [INFO] CrossReferenceDbSqlite:203 - Set database path to: C:\Users\Usuario\.stmcufinder\plugins\mcufinder//mcu/cs/
2026-01-12 09:38:32,318 [INFO] ApplicationProperties:184 - Using Application install path: C:\ST\STM32CubeIDE_1.19.0\STM32CubeIDE\plugins\com.st.stm32cube.common.mx_6.15.0.202507011659
2026-01-12 09:38:32,319 [INFO] PluginManage:196 - Search for loadable plugins [exclusion list=, ]
2026-01-12 09:38:32,320 [INFO] PluginManage:310 - Check plugin analytics
2026-01-12 09:38:42,008 [INFO] AnalyticsPlugin:253 - Accepted Software Licenses: STM32CubeMX.6.13.0,STM32CubeMX.6.16.1
2026-01-12 09:38:42,008 [INFO] AnalyticsPlugin:255 - Accepted CMSIS Pack Licenses: 
2026-01-12 09:38:42,008 [INFO] AnalyticsPlugin:257 - Accepted Firmware Licenses: FW.F4.1.28.0
2026-01-12 09:38:42,010 [INFO] PluginManage:359 - Loaded plugin analytics (category:tool,tabindex:-1)
2026-01-12 09:38:42,010 [INFO] PluginManage:310 - Check plugin cadmodel
2026-01-12 09:38:42,019 [INFO] CADModel:105 - Init CAD model plugin
2026-01-12 09:38:42,019 [INFO] PluginManage:359 - Loaded plugin cadmodel (category:power,tabindex:5)
2026-01-12 09:38:42,019 [INFO] PluginManage:310 - Check plugin clock
2026-01-12 09:38:42,047 [INFO] PluginManage:359 - Loaded plugin clock (category:base,tabindex:2)
2026-01-12 09:38:42,047 [INFO] PluginManage:310 - Check plugin ddr
2026-01-12 09:38:42,052 [INFO] PluginManage:359 - Loaded plugin ddr (category:tool,tabindex:6)
2026-01-12 09:38:42,052 [INFO] PluginManage:310 - Check plugin filemanager
2026-01-12 09:38:42,211 [INFO] PluginManage:359 - Loaded plugin filemanager (category:base,tabindex:10)
2026-01-12 09:38:42,211 [INFO] PluginManage:310 - Check plugin ipmanager
2026-01-12 09:38:42,218 [INFO] PluginManage:359 - Loaded plugin ipmanager (category:base,tabindex:5)
2026-01-12 09:38:42,218 [INFO] PluginManage:310 - Check plugin lpbam
2026-01-12 09:38:42,227 [INFO] PluginManage:359 - Loaded plugin lpbam (category:base,tabindex:0)
2026-01-12 09:38:42,227 [INFO] PluginManage:310 - Check plugin memorymap
2026-01-12 09:38:42,242 [INFO] PluginManage:359 - Loaded plugin memorymap (category:base,tabindex:4)
2026-01-12 09:38:42,242 [INFO] PluginManage:310 - Check plugin pinoutandconfiguration
2026-01-12 09:38:42,252 [INFO] PluginManage:359 - Loaded plugin pinoutandconfiguration (category:base,tabindex:1)
2026-01-12 09:38:42,252 [INFO] PluginManage:310 - Check plugin pinoutconfig
2026-01-12 09:38:42,332 [WARN] SupportedApi:132 - Cannot load RTOS API schema: s4s-elt-must-match.1: The content of 'definitions' must match (annotation?, (simpleType | complexType)?, (unique | key | keyref)*)). A problem was found starting at: attribute.
2026-01-12 09:38:42,448 [INFO] PluginManage:359 - Loaded plugin pinoutconfig (category:base,tabindex:0)
2026-01-12 09:38:42,448 [INFO] PluginManage:310 - Check plugin power
2026-01-12 09:38:42,459 [INFO] PluginManage:359 - Loaded plugin power (category:power,tabindex:4)
2026-01-12 09:38:42,459 [INFO] PluginManage:310 - Check plugin projectmanager
2026-01-12 09:38:42,472 [INFO] PluginManage:359 - Loaded plugin projectmanager (category:projectmanager,tabindex:4)
2026-01-12 09:38:42,472 [INFO] PluginManage:310 - Check plugin rif
2026-01-12 09:38:42,485 [INFO] PluginManage:359 - Loaded plugin rif (category:base,tabindex:3)
2026-01-12 09:38:42,486 [INFO] PluginManage:310 - Check plugin thirdparty
2026-01-12 09:38:42,631 [INFO] PluginManage:359 - Loaded plugin thirdparty (category:base,tabindex:-1)
2026-01-12 09:38:42,631 [INFO] PluginManage:310 - Check plugin tools
2026-01-12 09:38:42,631 [WARN] IntegrityCheckThread:84 - waiting for thirdparty lock release [integrity check]
2026-01-12 09:38:42,631 [INFO] IntegrityCheckThread:86 - entering critical section [integrity check]
2026-01-12 09:38:42,632 [INFO] ThirdPartyUpdaterWithRetryManager:70 - Updater plugin not ready yet. [1/15]
2026-01-12 09:38:42,635 [INFO] PluginManage:359 - Loaded plugin tools (category:base,tabindex:7)
2026-01-12 09:38:42,635 [INFO] PluginManage:310 - Check plugin tutovideos
2026-01-12 09:38:42,830 [INFO] PluginManage:359 - Loaded plugin tutovideos (category:base,tabindex:-1)
2026-01-12 09:38:42,830 [INFO] PluginManage:310 - Check plugin updater
2026-01-12 09:38:42,851 [INFO] PluginManage:359 - Loaded plugin updater (category:base,tabindex:12)
2026-01-12 09:38:42,851 [INFO] PluginManage:310 - Check plugin userauth
2026-01-12 09:38:42,856 [INFO] UserAuth:118 - Init User Auth plugin
2026-01-12 09:38:42,857 [INFO] PluginManage:359 - Loaded plugin userauth (category:base,tabindex:14)
2026-01-12 09:38:42,857 [INFO] PluginManage:283 - PluginManage : Loaded plugins [18]
2026-01-12 09:38:43,060 [INFO] PinOutPanel:1589 - setPackage(No Configuration,No Configuration)
2026-01-12 09:38:43,140 [INFO] CADModel:165 - CPN selected for project level
2026-01-12 09:38:43,140 [INFO] CADModel:114 - Register for checkConnection events
2026-01-12 09:38:43,158 [INFO] IPUIPlugin:80 - create IPUIPlugin
2026-01-12 09:38:43,158 [INFO] PluginManager:220 - loadIPPluginJar : add adc
2026-01-12 09:38:43,163 [INFO] IPUIPlugin:80 - create IPUIPlugin
2026-01-12 09:38:43,163 [INFO] PluginManager:220 - loadIPPluginJar : add aes
2026-01-12 09:38:43,167 [INFO] IPUIPlugin:80 - create IPUIPlugin
2026-01-12 09:38:43,167 [INFO] PluginManager:220 - loadIPPluginJar : add can
2026-01-12 09:38:43,171 [INFO] IPUIPlugin:80 - create IPUIPlugin
2026-01-12 09:38:43,171 [INFO] PluginManager:220 - loadIPPluginJar : add comp
2026-01-12 09:38:43,175 [INFO] IPUIPlugin:80 - create IPUIPlugin
2026-01-12 09:38:43,175 [INFO] PluginManager:220 - loadIPPluginJar : add cryp
2026-01-12 09:38:43,180 [INFO] IPUIPlugin:80 - create IPUIPlugin
2026-01-12 09:38:43,180 [INFO] PluginManager:220 - loadIPPluginJar : add ddr_ctrl_phy
2026-01-12 09:38:43,184 [INFO] IPUIPlugin:80 - create IPUIPlugin
2026-01-12 09:38:43,184 [INFO] PluginManager:220 - loadIPPluginJar : add dfsdm
2026-01-12 09:38:43,191 [INFO] IPUIPlugin:80 - create IPUIPlugin
2026-01-12 09:38:43,192 [INFO] PluginManager:220 - loadIPPluginJar : add dma
2026-01-12 09:38:43,196 [INFO] IPUIPlugin:80 - create IPUIPlugin
2026-01-12 09:38:43,196 [INFO] PluginManager:220 - loadIPPluginJar : add dma3
2026-01-12 09:38:43,201 [INFO] IPUIPlugin:80 - create IPUIPlugin
2026-01-12 09:38:43,201 [INFO] PluginManager:220 - loadIPPluginJar : add extmemmanager
2026-01-12 09:38:43,204 [INFO] IPUIPlugin:80 - create IPUIPlugin
2026-01-12 09:38:43,204 [INFO] PluginManager:220 - loadIPPluginJar : add fatfs
2026-01-12 09:38:43,211 [INFO] IPUIPlugin:80 - create IPUIPlugin
2026-01-12 09:38:43,211 [INFO] PluginManager:220 - loadIPPluginJar : add fmc
2026-01-12 09:38:43,218 [INFO] IPUIPlugin:80 - create IPUIPlugin
2026-01-12 09:38:43,218 [INFO] PluginManager:220 - loadIPPluginJar : add freertos
2026-01-12 09:38:43,222 [INFO] IPUIPlugin:80 - create IPUIPlugin
2026-01-12 09:38:43,222 [INFO] PluginManager:220 - loadIPPluginJar : add genericplugin
2026-01-12 09:38:43,227 [INFO] IPUIPlugin:80 - create IPUIPlugin
2026-01-12 09:38:43,227 [INFO] PluginManager:220 - loadIPPluginJar : add gfxmmu
2026-01-12 09:38:43,233 [INFO] IPUIPlugin:80 - create IPUIPlugin
2026-01-12 09:38:43,233 [INFO] PluginManager:220 - loadIPPluginJar : add gic
2026-01-12 09:38:43,242 [INFO] IPUIPlugin:80 - create IPUIPlugin
2026-01-12 09:38:43,242 [INFO] PluginManager:220 - loadIPPluginJar : add gpio
2026-01-12 09:38:43,247 [INFO] IPUIPlugin:80 - create IPUIPlugin
2026-01-12 09:38:43,247 [INFO] PluginManager:220 - loadIPPluginJar : add gtzc
2026-01-12 09:38:43,251 [INFO] IPUIPlugin:80 - create IPUIPlugin
2026-01-12 09:38:43,251 [INFO] PluginManager:220 - loadIPPluginJar : add hash
2026-01-12 09:38:43,255 [INFO] IPUIPlugin:80 - create IPUIPlugin
2026-01-12 09:38:43,256 [INFO] PluginManager:220 - loadIPPluginJar : add i2c
2026-01-12 09:38:43,259 [INFO] IPUIPlugin:80 - create IPUIPlugin
2026-01-12 09:38:43,261 [INFO] PluginManager:220 - loadIPPluginJar : add i2s
2026-01-12 09:38:43,265 [INFO] IPUIPlugin:80 - create IPUIPlugin
2026-01-12 09:38:43,265 [INFO] PluginManager:220 - loadIPPluginJar : add i3c
2026-01-12 09:38:43,270 [INFO] IPUIPlugin:80 - create IPUIPlugin
2026-01-12 09:38:43,270 [INFO] PluginManager:220 - loadIPPluginJar : add ipddr
2026-01-12 09:38:43,277 [INFO] IPUIPlugin:80 - create IPUIPlugin
2026-01-12 09:38:43,277 [INFO] PluginManager:220 - loadIPPluginJar : add linkedlist
2026-01-12 09:38:43,281 [INFO] IPUIPlugin:80 - create IPUIPlugin
2026-01-12 09:38:43,281 [INFO] PluginManager:220 - loadIPPluginJar : add lorawan
2026-01-12 09:38:43,285 [INFO] IPUIPlugin:80 - create IPUIPlugin
2026-01-12 09:38:43,285 [INFO] PluginManager:220 - loadIPPluginJar : add ltdc
2026-01-12 09:38:43,292 [INFO] IPUIPlugin:80 - create IPUIPlugin
2026-01-12 09:38:43,292 [INFO] PluginManager:220 - loadIPPluginJar : add mdma
2026-01-12 09:38:43,300 [INFO] IPUIPlugin:80 - create IPUIPlugin
2026-01-12 09:38:43,300 [INFO] PluginManager:220 - loadIPPluginJar : add nvic
2026-01-12 09:38:43,304 [INFO] IPUIPlugin:80 - create IPUIPlugin
2026-01-12 09:38:43,304 [INFO] PluginManager:220 - loadIPPluginJar : add opamp
2026-01-12 09:38:43,309 [INFO] IPUIPlugin:80 - create IPUIPlugin
2026-01-12 09:38:43,309 [INFO] PluginManager:220 - loadIPPluginJar : add openamp
2026-01-12 09:38:43,314 [INFO] IPUIPlugin:80 - create IPUIPlugin
2026-01-12 09:38:43,314 [INFO] PluginManager:220 - loadIPPluginJar : add pdm2pcm
2026-01-12 09:38:43,320 [INFO] IPUIPlugin:80 - create IPUIPlugin
2026-01-12 09:38:43,322 [INFO] PluginManager:220 - loadIPPluginJar : add plateformsettings
2026-01-12 09:38:43,327 [INFO] IPUIPlugin:80 - create IPUIPlugin
2026-01-12 09:38:43,327 [INFO] PluginManager:220 - loadIPPluginJar : add quadspi
2026-01-12 09:38:43,331 [INFO] IPUIPlugin:80 - create IPUIPlugin
2026-01-12 09:38:43,332 [INFO] PluginManager:220 - loadIPPluginJar : add radio
2026-01-12 09:38:43,338 [INFO] IPUIPlugin:80 - create IPUIPlugin
2026-01-12 09:38:43,338 [INFO] PluginManager:220 - loadIPPluginJar : add resmgrutility
2026-01-12 09:38:43,345 [INFO] IPUIPlugin:80 - create IPUIPlugin
2026-01-12 09:38:43,345 [INFO] PluginManager:220 - loadIPPluginJar : add sai
2026-01-12 09:38:43,349 [INFO] IPUIPlugin:80 - create IPUIPlugin
2026-01-12 09:38:43,349 [INFO] PluginManager:220 - loadIPPluginJar : add spi
2026-01-12 09:38:43,356 [INFO] IPUIPlugin:80 - create IPUIPlugin
2026-01-12 09:38:43,356 [INFO] PluginManager:220 - loadIPPluginJar : add stm32_wpan
2026-01-12 09:38:43,361 [INFO] IPUIPlugin:80 - create IPUIPlugin
2026-01-12 09:38:43,361 [INFO] PluginManager:220 - loadIPPluginJar : add tim
2026-01-12 09:38:43,366 [INFO] IPUIPlugin:80 - create IPUIPlugin
2026-01-12 09:38:43,366 [INFO] PluginManager:220 - loadIPPluginJar : add touchsensing
2026-01-12 09:38:43,370 [INFO] IPUIPlugin:80 - create IPUIPlugin
2026-01-12 09:38:43,370 [INFO] PluginManager:220 - loadIPPluginJar : add tracer_emb
2026-01-12 09:38:43,374 [INFO] IPUIPlugin:80 - create IPUIPlugin
2026-01-12 09:38:43,374 [INFO] PluginManager:220 - loadIPPluginJar : add ts
2026-01-12 09:38:43,378 [INFO] IPUIPlugin:80 - create IPUIPlugin
2026-01-12 09:38:43,379 [INFO] PluginManager:220 - loadIPPluginJar : add tsc
2026-01-12 09:38:43,384 [INFO] IPUIPlugin:80 - create IPUIPlugin
2026-01-12 09:38:43,384 [INFO] PluginManager:220 - loadIPPluginJar : add ucpd
2026-01-12 09:38:43,388 [INFO] IPUIPlugin:80 - create IPUIPlugin
2026-01-12 09:38:43,389 [INFO] PluginManager:220 - loadIPPluginJar : add usart
2026-01-12 09:38:43,395 [INFO] IPUIPlugin:80 - create IPUIPlugin
2026-01-12 09:38:43,395 [INFO] PluginManager:220 - loadIPPluginJar : add usbx
2026-01-12 09:38:43,520 [FATAL] Updater:351 - Updater called before beeing initialized
2026-01-12 09:38:43,548 [INFO] RulesReader:64 - Compatibility file has been processed (317 Rules)
2026-01-12 09:38:43,557 [INFO] RulesReader:64 - Compatibility file has been processed (317 Rules)
2026-01-12 09:38:43,563 [INFO] CADModel:165 - CPN selected for project level
2026-01-12 09:38:43,564 [INFO] CADModel:114 - Register for checkConnection events
2026-01-12 09:38:43,564 [FATAL] Updater:351 - Updater called before beeing initialized
2026-01-12 09:38:43,564 [ERROR] CADModel:125 - Updater not yet initialized, retry later 
2026-01-12 09:38:43,697 [FATAL] Updater:351 - Updater called before beeing initialized
2026-01-12 09:38:43,699 [INFO] CADModel:165 - CPN selected for project level
2026-01-12 09:38:43,699 [INFO] CADModel:114 - Register for checkConnection events
2026-01-12 09:38:43,699 [FATAL] Updater:351 - Updater called before beeing initialized
2026-01-12 09:38:43,699 [ERROR] CADModel:125 - Updater not yet initialized, retry later 
2026-01-12 09:38:43,703 [FATAL] Updater:351 - Updater called before beeing initialized
2026-01-12 09:38:43,829 [FATAL] Updater:351 - Updater called before beeing initialized
2026-01-12 09:38:43,832 [INFO] DbMcusAds:53 - JSON generation date=Thu Jan 08 16:56:32 CET 2026 (1767887792457)
2026-01-12 09:38:43,833 [FATAL] Updater:351 - Updater called before beeing initialized
2026-01-12 09:38:43,870 [WARN] DetailPanel:346 - Failed to get advertising image, set to default
2026-01-12 09:38:43,948 [FATAL] Updater:351 - Updater called before beeing initialized
2026-01-12 09:38:43,949 [FATAL] Updater:351 - Updater called before beeing initialized
2026-01-12 09:38:43,949 [FATAL] Updater:351 - Updater called before beeing initialized
2026-01-12 09:38:43,949 [WARN] DetailPanel:346 - Failed to get advertising image, set to default
2026-01-12 09:38:43,950 [FATAL] Updater:351 - Updater called before beeing initialized
2026-01-12 09:38:43,994 [ERROR] Updater:1198 - MainUpdater not yet initialized. External WinMGr cannot be set.
2026-01-12 09:38:43,998 [INFO] Updater:1134 - Updater Version found : 6.15.0
2026-01-12 09:38:44,012 [INFO] ApplicationProperties:184 - Using Application install path: C:\ST\STM32CubeIDE_1.19.0\STM32CubeIDE\plugins\com.st.stm32cube.common.mx_6.15.0.202507011659
2026-01-12 09:38:44,266 [INFO] MainUpdater:2872 - connection check result : 10
2026-01-12 09:38:44,267 [INFO] MainUpdater:289 - Updater Check For Update Now.
2026-01-12 09:38:44,267 [INFO] MicroXplorer:498 - Change Database Version : DB.6.0.150
2026-01-12 09:38:44,281 [INFO] McuFinderGlobals:63 - Set McuFinder mode to 2 (CubeIDE integrated)
2026-01-12 09:38:44,282 [INFO] UserAuth:487 - Internet connection configuration mode: 1
2026-01-12 09:38:44,309 [INFO] JxBrowserEngine:152 - Initiate JxBrowser Engine with user profile folder
2026-01-12 09:38:44,456 [INFO] CheckServerUpdateThread:120 - End of CheckServer Thread
2026-01-12 09:38:45,401 [INFO] WebApp:169 - Instantiating new browser for Auth
2026-01-12 09:38:46,006 [WARN] PackLoader:240 - Cannot read IP mode file for STMicroelectronics.FP-SNS-MOTENVWB1.1.4.0
2026-01-12 09:38:46,016 [WARN] PackLoader:240 - Cannot read IP mode file for STMicroelectronics.FP-ATR-ASTRA1.2.0.2
2026-01-12 09:38:46,021 [WARN] PackLoader:240 - Cannot read IP mode file for STMicroelectronics.FP-ATR-ASTRA1.2.0.1
2026-01-12 09:38:46,031 [WARN] PackLoader:240 - Cannot read IP mode file for STMicroelectronics.X-CUBE-SMBUS.2.1.0
2026-01-12 09:38:46,042 [WARN] PackLoader:240 - Cannot read IP mode file for STMicroelectronics.X-CUBE-WB05N.1.1.0
2026-01-12 09:38:46,049 [WARN] PackLoader:240 - Cannot read IP mode file for STMicroelectronics.X-CUBE-ST60.1.0.0
2026-01-12 09:38:46,081 [WARN] PackLoader:240 - Cannot read IP mode file for STMicroelectronics.X-CUBE-AZRTOS-F7.1.1.0
2026-01-12 09:38:46,090 [WARN] PackLoader:240 - Cannot read IP mode file for Cesanta.I-CUBE-Mongoose.7.19.0
2026-01-12 09:38:46,096 [WARN] PackLoader:240 - Cannot read IP mode file for STMicroelectronics.FP-SNS-MOTENV1.5.1.0
2026-01-12 09:38:46,107 [WARN] PackLoader:240 - Cannot read IP mode file for WES.I-CUBE-Cesium.1.4.0
2026-01-12 09:38:46,113 [WARN] PackLoader:240 - Cannot read IP mode file for STMicroelectronics.FP-SNS-FLIGHT1.5.0.2
2026-01-12 09:38:46,137 [WARN] PackLoader:240 - Cannot read IP mode file for Infineon.AIROC-Wi-Fi-Bluetooth-STM32.1.7.0
2026-01-12 09:38:46,163 [WARN] PackLoader:240 - Cannot read IP mode file for Infineon.AIROC-Wi-Fi-Bluetooth-STM32.1.7.1
2026-01-12 09:38:46,193 [WARN] PackLoader:240 - Cannot read IP mode file for STMicroelectronics.X-CUBE-AZRTOS-H7.3.4.0
2026-01-12 09:38:46,220 [WARN] PackLoader:240 - Cannot read IP mode file for STMicroelectronics.X-CUBE-DISPLAY.3.0.0
2026-01-12 09:38:46,242 [WARN] PackLoader:240 - Cannot read IP mode file for STMicroelectronics.X-CUBE-BLE1.7.0.0
2026-01-12 09:38:46,257 [WARN] PackLoader:240 - Cannot read IP mode file for STMicroelectronics.X-CUBE-NFC10.1.0.0
2026-01-12 09:38:46,273 [WARN] PackLoader:240 - Cannot read IP mode file for STMicroelectronics.X-CUBE-BLEMGR.4.0.0
2026-01-12 09:38:46,286 [WARN] PackLoader:240 - Cannot read IP mode file for STMicroelectronics.X-CUBE-ST60.1.1.0
2026-01-12 09:38:46,298 [WARN] PackLoader:240 - Cannot read IP mode file for emotas.I-CUBE-CANOPEN.1.3.0
2026-01-12 09:38:46,309 [WARN] PackLoader:240 - Cannot read IP mode file for STMicroelectronics.X-CUBE-GNSS1.7.1.0
2026-01-12 09:38:46,369 [WARN] PackLoader:240 - Cannot read IP mode file for STMicroelectronics.FP-SNS-STBOX1.2.1.0
2026-01-12 09:38:46,376 [WARN] PackLoader:240 - Cannot read IP mode file for STMicroelectronics.FP-SNS-SMARTAG2.1.2.0
2026-01-12 09:38:46,380 [WARN] PackLoader:240 - Cannot read IP mode file for STMicroelectronics.FP-SNS-FLIGHT1.5.1.0
2026-01-12 09:38:46,447 [WARN] PackLoader:240 - Cannot read IP mode file for STMicroelectronics.X-CUBE-MEMS1.11.1.0
2026-01-12 09:38:46,569 [INFO] LogOutputStream:77 - [STDOUT_REDIRECT] 1 : Invalid condition id : UX_CORESTACK_Condition cause : null
2026-01-12 09:38:46,570 [INFO] LogOutputStream:77 - [STDOUT_REDIRECT] 1 : Invalid condition id : UX_CORESTACK_Condition cause : null
2026-01-12 09:38:46,571 [INFO] LogOutputStream:77 - [STDOUT_REDIRECT] 1 : Invalid condition id : UX_CORESTACK_Condition cause : null
2026-01-12 09:38:46,571 [INFO] LogOutputStream:77 - [STDOUT_REDIRECT] 1 : Invalid condition id : UX_CORESTACK_Condition cause : null
2026-01-12 09:38:46,572 [INFO] LogOutputStream:77 - [STDOUT_REDIRECT] 1 : Invalid condition id : UX_CORESTACK_Condition cause : null
2026-01-12 09:38:46,575 [WARN] PackLoader:240 - Cannot read IP mode file for STMicroelectronics.X-CUBE-AZRTOS-WL.2.0.0
2026-01-12 09:38:46,581 [WARN] PackLoader:240 - Cannot read IP mode file for STMicroelectronics.FP-SNS-MOTENV1.5.0.0
2026-01-12 09:38:46,595 [WARN] PackLoader:240 - Cannot read IP mode file for STMicroelectronics.X-CUBE-AZRTOS-H7RS.1.2.0
2026-01-12 09:38:46,603 [WARN] PackLoader:240 - Cannot read IP mode file for wolfSSL.I-CUBE-wolfMQTT.1.19.0
2026-01-12 09:38:46,609 [WARN] PackLoader:240 - Cannot read IP mode file for WES.I-CUBE-Cesium.1.3.0
2026-01-12 09:38:46,615 [WARN] PackLoader:240 - Cannot read IP mode file for STMicroelectronics.X-CUBE-BLE2.3.3.0
2026-01-12 09:38:46,660 [WARN] PackLoader:240 - Cannot read IP mode file for STMicroelectronics.X-CUBE-NFC9.1.0.0
2026-01-12 09:38:46,669 [WARN] PackLoader:240 - Cannot read IP mode file for wolfSSL.I-CUBE-wolfSSL.5.8.2
2026-01-12 09:38:46,680 [WARN] PackLoader:240 - Cannot read IP mode file for STMicroelectronics.X-CUBE-BLE1.7.1.0
2026-01-12 09:38:46,682 [INFO] WebApp:463 - Apply proxy settings
2026-01-12 09:38:46,683 [INFO] WebApp:548 - Chromium requires no authentication
2026-01-12 09:38:46,687 [WARN] PackLoader:240 - Cannot read IP mode file for wolfSSL.I-CUBE-wolfMQTT.1.19.2
2026-01-12 09:38:46,696 [WARN] PackLoader:240 - Cannot read IP mode file for STMicroelectronics.X-CUBE-FREERTOS.1.4.0
2026-01-12 09:38:46,699 [INFO] WebApp:491 - Direct internet connection detected
2026-01-12 09:38:46,707 [WARN] PackLoader:240 - Cannot read IP mode file for STMicroelectronics.X-CUBE-EEPRMA1.5.2.0
2026-01-12 09:38:46,716 [WARN] PackLoader:240 - Cannot read IP mode file for STMicroelectronics.X-CUBE-ST67W61.1.1.0
2026-01-12 09:38:46,735 [INFO] WebApp:900 - Register for checkConnection events
2026-01-12 09:38:46,735 [INFO] WebApp:463 - Apply proxy settings
2026-01-12 09:38:46,735 [INFO] WebApp:548 - Chromium requires no authentication
2026-01-12 09:38:46,736 [INFO] WebApp:491 - Direct internet connection detected
2026-01-12 09:38:46,766 [WARN] PackLoader:240 - Cannot read IP mode file for STMicroelectronics.X-CUBE-MEMS1.12.0.0
2026-01-12 09:38:46,876 [WARN] PackLoader:240 - Cannot read IP mode file for STMicroelectronics.X-CUBE-AZRTOS-G0.1.1.0
2026-01-12 09:38:46,886 [WARN] PackLoader:240 - Cannot read IP mode file for STMicroelectronics.X-CUBE-SAFEA1.1.2.2
2026-01-12 09:38:46,893 [WARN] PackLoader:240 - Cannot read IP mode file for STMicroelectronics.X-CUBE-NFC4.3.0.0
2026-01-12 09:38:46,902 [WARN] PackLoader:240 - Cannot read IP mode file for EmbeddedOffice.I-CUBE-FS-RTOS.1.0.1
2026-01-12 09:38:46,910 [WARN] PackLoader:240 - Cannot read IP mode file for STMicroelectronics.X-CUBE-WB05N.2.0.0
2026-01-12 09:38:46,915 [WARN] PackLoader:240 - Cannot read IP mode file for wolfSSL.I-CUBE-wolfTPM.3.8.0
2026-01-12 09:38:46,921 [WARN] PackLoader:240 - Cannot read IP mode file for STMicroelectronics.X-CUBE-TCPP.4.2.0
2026-01-12 09:38:46,929 [WARN] PackLoader:240 - Cannot read IP mode file for RealThread.X-CUBE-RT-Thread_Nano.4.1.1
2026-01-12 09:38:46,933 [WARN] PackLoader:240 - Cannot read IP mode file for STMicroelectronics.FP-ATR-SIGFOX1.3.2.0
2026-01-12 09:38:46,939 [WARN] ConditionMgr:438 - getConditionDescription Invalid condition id : Cortex-A Device cause : null
2026-01-12 09:38:46,947 [WARN] ConditionMgr:1044 - genDependencies : Invalid condition id : Cortex-A Device cause : null
2026-01-12 09:38:46,948 [WARN] ConditionMgr:1044 - genDependencies : Invalid condition id : Cortex-A Device cause : null
2026-01-12 09:38:46,948 [WARN] ConditionMgr:1044 - genDependencies : Invalid condition id : Cortex-A Device cause : null
2026-01-12 09:38:46,953 [WARN] PackLoader:240 - Cannot read IP mode file for STMicroelectronics.X-CUBE-EEPRMA1.5.1.0
2026-01-12 09:38:46,958 [WARN] PackLoader:240 - Cannot read IP mode file for wolfSSL.I-CUBE-wolfSSL.5.7.4
2026-01-12 09:38:46,966 [WARN] PackLoader:240 - Cannot read IP mode file for ITTIA_DB.I-CUBE-ITTIADB.8.9.0
2026-01-12 09:38:46,973 [WARN] PackLoader:240 - Cannot read IP mode file for STMicroelectronics.X-CUBE-ST67W61.1.0.0
2026-01-12 09:38:46,977 [WARN] PackLoader:240 - Cannot read IP mode file for STMicroelectronics.X-CUBE-AI.10.2.0
2026-01-12 09:38:46,996 [WARN] PackLoader:240 - Cannot read IP mode file for SEGGER.I-CUBE-embOS.1.3.1
2026-01-12 09:38:47,024 [WARN] PackLoader:240 - Cannot read IP mode file for STMicroelectronics.X-CUBE-ALGOBUILD.1.4.0
2026-01-12 09:38:47,047 [INFO] WebApp:225 - Starting web application
2026-01-12 09:38:47,047 [INFO] WebApp:593 - Web application path used C:\ST\STM32CubeIDE_1.19.0\STM32CubeIDE\plugins\com.st.stm32cube.common.mx_6.15.0.202507011659\db\plugins\mcufinder\reactClient1\index.html
2026-01-12 09:38:47,061 [WARN] PackLoader:240 - Cannot read IP mode file for STMicroelectronics.X-CUBE-MEMS1.11.3.0
2026-01-12 09:38:47,186 [WARN] PackLoader:240 - Cannot read IP mode file for STMicroelectronics.X-CUBE-AI.9.1.0
2026-01-12 09:38:47,194 [WARN] PackLoader:240 - Cannot read IP mode file for STMicroelectronics.X-CUBE-PM33A1.1.0.0
2026-01-12 09:38:47,209 [INFO] UserAuth:487 - Internet connection configuration mode: 1
2026-01-12 09:38:47,212 [WARN] PackLoader:240 - Cannot read IP mode file for STMicroelectronics.X-CUBE-AZRTOS-F4.1.1.0
2026-01-12 09:38:47,219 [WARN] PackLoader:240 - Cannot read IP mode file for Avnet-IotConnect.X-CUBE-IoTC-DA16k-PMOD.1.0.0
2026-01-12 09:38:47,224 [WARN] PackLoader:240 - Cannot read IP mode file for STMicroelectronics.X-CUBE-ISPU.2.1.0
2026-01-12 09:38:47,244 [WARN] PackLoader:240 - Cannot read IP mode file for STMicroelectronics.X-CUBE-IPS.3.2.0
2026-01-12 09:38:47,261 [WARN] PackLoader:240 - Cannot read IP mode file for STMicroelectronics.X-CUBE-NFC12.1.0.0
2026-01-12 09:38:47,279 [WARN] PackLoader:240 - Cannot read IP mode file for STMicroelectronics.X-CUBE-AZRTOS-L5.2.0.0
2026-01-12 09:38:47,289 [WARN] PackLoader:240 - Cannot read IP mode file for STMicroelectronics.X-CUBE-NFC6.3.1.0
2026-01-12 09:38:47,300 [WARN] PackLoader:240 - Cannot read IP mode file for STMicroelectronics.X-CUBE-DPower.1.2.0
2026-01-12 09:38:47,312 [WARN] PackLoader:240 - Cannot read IP mode file for STMicroelectronics.X-CUBE-FREERTOS.1.3.1
2026-01-12 09:38:47,321 [WARN] PackLoader:240 - Cannot read IP mode file for STMicroelectronics.X-CUBE-FREERTOS.1.3.0
2026-01-12 09:38:47,328 [WARN] PackLoader:240 - Cannot read IP mode file for STMicroelectronics.X-CUBE-NFC7.1.0.1
2026-01-12 09:38:47,336 [WARN] PackLoader:240 - Cannot read IP mode file for STMicroelectronics.X-CUBE-TOUCHGFX.4.26.0
2026-01-12 09:38:47,343 [WARN] PackLoader:240 - Cannot read IP mode file for STMicroelectronics.FP-SNS-STAIOTCFT.1.0.0
2026-01-12 09:38:47,348 [WARN] PackLoader:240 - Cannot read IP mode file for STMicroelectronics.X-CUBE-DPower.1.3.0
2026-01-12 09:38:47,364 [WARN] ConditionMgr:438 - getConditionDescription Invalid condition id : LAN8742 Phy interface Condition cause : null
2026-01-12 09:38:47,365 [WARN] PackLoader:240 - Cannot read IP mode file for STMicroelectronics.X-CUBE-AZRTOS-L4.2.0.0
2026-01-12 09:38:47,366 [WARN] ConditionMgr:1044 - genDependencies : Invalid condition id : LAN8742 Phy interface Condition cause : null
2026-01-12 09:38:47,367 [WARN] ConditionMgr:1044 - genDependencies : Invalid condition id : LAN8742 Phy interface Condition cause : null
2026-01-12 09:38:47,367 [WARN] ConditionMgr:1044 - genDependencies : Invalid condition id : LAN8742 Phy interface Condition cause : null
2026-01-12 09:38:47,373 [WARN] PackLoader:240 - Cannot read IP mode file for STMicroelectronics.X-CUBE-SFXS2LP1.4.0.0
2026-01-12 09:38:47,386 [WARN] PackLoader:240 - Cannot read IP mode file for STMicroelectronics.X-CUBE-AZRTOS-H7.3.3.0
2026-01-12 09:38:47,396 [WARN] PackLoader:240 - Cannot read IP mode file for STMicroelectronics.X-CUBE-BLEMGR.4.1.0
2026-01-12 09:38:47,406 [WARN] PackLoader:240 - Cannot read IP mode file for STMicroelectronics.X-CUBE-IPS.3.0.0
2026-01-12 09:38:47,420 [WARN] ConditionMgr:438 - getConditionDescription Invalid condition id : UX DEVICE CLASS RTOS Condition cause : null
2026-01-12 09:38:47,420 [WARN] ConditionMgr:438 - getConditionDescription Invalid condition id : UX DEVICE CLASS RTOS Condition cause : null
2026-01-12 09:38:47,421 [WARN] PackLoader:240 - Cannot read IP mode file for STMicroelectronics.X-CUBE-AZRTOS-WB.2.0.0
2026-01-12 09:38:47,422 [WARN] ConditionMgr:1044 - genDependencies : Invalid condition id : UX DEVICE CLASS RTOS Condition cause : null
2026-01-12 09:38:47,422 [WARN] ConditionMgr:1044 - genDependencies : Invalid condition id : UX DEVICE CLASS RTOS Condition cause : null
2026-01-12 09:38:47,422 [WARN] ConditionMgr:1044 - genDependencies : Invalid condition id : UX DEVICE CLASS RTOS Condition cause : null
2026-01-12 09:38:47,422 [WARN] ConditionMgr:1044 - genDependencies : Invalid condition id : UX DEVICE CLASS RTOS Condition cause : null
2026-01-12 09:38:47,422 [WARN] ConditionMgr:1044 - genDependencies : Invalid condition id : UX DEVICE CLASS RTOS Condition cause : null
2026-01-12 09:38:47,429 [WARN] PackLoader:240 - Cannot read IP mode file for STMicroelectronics.X-CUBE-GNSS1.7.0.1
2026-01-12 09:38:47,434 [WARN] PackLoader:240 - Cannot read IP mode file for STMicroelectronics.X-CUBE-TOUCHGFX.4.25.0
2026-01-12 09:38:47,438 [WARN] PackLoader:240 - Cannot read IP mode file for STMicroelectronics.FP-SNS-STBOX1.2.0.0
2026-01-12 09:38:47,442 [WARN] ConditionMgr:438 - getConditionDescription Invalid condition id : Cortex-A Device cause : null
2026-01-12 09:38:47,454 [WARN] ConditionMgr:1044 - genDependencies : Invalid condition id : Cortex-A Device cause : null
2026-01-12 09:38:47,454 [WARN] ConditionMgr:1044 - genDependencies : Invalid condition id : Cortex-A Device cause : null
2026-01-12 09:38:47,454 [WARN] ConditionMgr:1044 - genDependencies : Invalid condition id : Cortex-A Device cause : null
2026-01-12 09:38:47,464 [WARN] PackLoader:240 - Cannot read IP mode file for STMicroelectronics.X-CUBE-SUBG2.5.0.0
2026-01-12 09:38:47,483 [WARN] PackLoader:240 - Cannot read IP mode file for STMicroelectronics.X-CUBE-AZRTOS-H7RS.1.1.0
2026-01-12 09:38:47,489 [WARN] PackLoader:240 - Cannot read IP mode file for Cesanta.I-CUBE-Mongoose.7.13.0
2026-01-12 09:38:47,502 [WARN] PackLoader:240 - Cannot read IP mode file for STMicroelectronics.X-CUBE-AZRTOS-G4.2.0.0
2026-01-12 09:38:47,510 [WARN] PackLoader:240 - Cannot read IP mode file for wolfSSL.I-CUBE-wolfSSH.1.4.20
2026-01-12 09:38:47,514 [WARN] PackLoader:240 - Cannot read IP mode file for STMicroelectronics.X-CUBE-NFC7.2.0.0
2026-01-12 09:38:47,522 [WARN] PackLoader:240 - Cannot read IP mode file for STMicroelectronics.X-CUBE-IPS.3.1.0
2026-01-12 09:38:47,531 [WARN] PackLoader:240 - Cannot read IP mode file for STMicroelectronics.X-CUBE-ALS.1.0.2
2026-01-12 09:38:47,537 [WARN] PackLoader:240 - Cannot read IP mode file for STMicroelectronics.X-CUBE-TOUCHGFX.4.24.1
2026-01-12 09:38:47,543 [WARN] PackLoader:240 - Cannot read IP mode file for STMicroelectronics.X-CUBE-STSE01.1.0.0
2026-01-12 09:38:47,558 [WARN] PackLoader:240 - Cannot read IP mode file for wolfSSL.I-CUBE-wolfTPM.3.4.0
2026-01-12 09:38:47,568 [WARN] PackLoader:240 - Cannot read IP mode file for portGmbH.I-Cube-SoM-uGOAL.1.1.0
2026-01-12 09:38:47,586 [WARN] PackLoader:240 - Cannot read IP mode file for STMicroelectronics.X-CUBE-AZRTOS-H7RS.1.0.0
2026-01-12 09:38:47,601 [WARN] PackLoader:240 - Cannot read IP mode file for STMicroelectronics.X-CUBE-TOF1.3.4.2
2026-01-12 09:38:47,619 [WARN] PackLoader:240 - Cannot read IP mode file for STMicroelectronics.X-CUBE-TOF1.3.4.3
2026-01-12 09:38:47,647 [WARN] PackLoader:240 - Cannot read IP mode file for wolfSSL.I-CUBE-wolfSSH.1.4.17
2026-01-12 09:38:47,648 [INFO] ThirdParty:978 - Integrity check success = true
2026-01-12 09:38:47,648 [INFO] IntegrityCheckThread:100 - exiting critical section [integrity check]
2026-01-12 09:38:47,648 [INFO] IntegrityCheckThread:103 - End integrity checks thread
2026-01-12 09:38:48,205 [INFO] WebApp:191 - Connection restablished
2026-01-12 09:42:10,443 [ERROR] LogOutputStream:75 - [STDERR_REDIRECT] 
2026-01-12 09:46:53,603 [INFO] Activator:176 - 


2026-01-12 09:46:53,607 [INFO] Activator:177 - !SESSION log4j initialized
2026-01-12 09:46:56,346 [INFO] LogOutputStream:77 - [STDOUT_REDIRECT] 
2026-01-12 09:47:07,927 [INFO] ApplicationProperties:184 - Using Application install path: C:\ST\STM32CubeIDE_1.19.0\STM32CubeIDE\plugins\com.st.stm32cube.common.mx_6.15.0.202507011659
2026-01-12 09:47:07,945 [INFO] DbMcusXml:78 - Set database path to: C:\ST\STM32CubeIDE_1.19.0\STM32CubeIDE\plugins\com.st.stm32cube.common.mx_6.15.0.202507011659\\db\/mcu/
2026-01-12 09:47:07,945 [INFO] ApiDb:274 - Set plugin database path to: C:\ST\STM32CubeIDE_1.19.0\STM32CubeIDE\plugins\com.st.stm32cube.common.mx_6.15.0.202507011659\\db\/plugins/boardmanager/
2026-01-12 09:47:07,945 [WARN] ApiDb:259 - Overriding images path with different value:  => C:\ST\STM32CubeIDE_1.19.0\STM32CubeIDE\plugins\com.st.stm32cube.common.mx_6.15.0.202507011659\\db\/plugins/mcufinder/images/
2026-01-12 09:47:07,951 [INFO] ApiDb:250 - Set database path to: C:\Users\Usuario\.stmcufinder\plugins\mcufinder//mcu/
2026-01-12 09:47:07,951 [INFO] DbMcusAds:125 - Set database path to: C:\Users\Usuario\.stmcufinder\plugins\mcufinder//mcu/
2026-01-12 09:47:08,007 [INFO] CrossReferenceDbSqlite:203 - Set database path to: C:\Users\Usuario\.stmcufinder\plugins\mcufinder//mcu/cs/
2026-01-12 09:47:08,091 [INFO] RulesReader:64 - Compatibility file has been processed (317 Rules)
2026-01-12 09:47:08,154 [INFO] DbMcusXml:78 - Set database path to: C:\ST\STM32CubeIDE_1.19.0\STM32CubeIDE\plugins\com.st.stm32cube.common.mx_6.15.0.202507011659\\db\/mcu/
2026-01-12 09:47:08,154 [INFO] ApiDb:274 - Set plugin database path to: C:\ST\STM32CubeIDE_1.19.0\STM32CubeIDE\plugins\com.st.stm32cube.common.mx_6.15.0.202507011659\\db\/plugins/boardmanager/
2026-01-12 09:47:08,154 [INFO] ApiDb:261 - Set plugin images path to: C:\ST\STM32CubeIDE_1.19.0\STM32CubeIDE\plugins\com.st.stm32cube.common.mx_6.15.0.202507011659\\db\/plugins/mcufinder/images/
2026-01-12 09:47:08,154 [WARN] DbFile:41 - Overriding database path with different value: C:\Users\Usuario\.stmcufinder\plugins\mcufinder/ => C:\Users\Usuario\.stmcufinder\plugins\mcufinder
2026-01-12 09:47:08,154 [INFO] ApiDb:250 - Set database path to: C:\Users\Usuario\.stmcufinder\plugins\mcufinder//mcu/
2026-01-12 09:47:08,154 [WARN] DbFile:41 - Overriding database path with different value: C:\Users\Usuario\.stmcufinder\plugins\mcufinder/ => C:\Users\Usuario\.stmcufinder\plugins\mcufinder
2026-01-12 09:47:08,154 [INFO] DbMcusAds:125 - Set database path to: C:\Users\Usuario\.stmcufinder\plugins\mcufinder//mcu/
2026-01-12 09:47:08,154 [WARN] DbFile:41 - Overriding database path with different value: C:\Users\Usuario\.stmcufinder\plugins\mcufinder/ => C:\Users\Usuario\.stmcufinder\plugins\mcufinder
2026-01-12 09:47:08,154 [WARN] DbFile:41 - Overriding database path with different value: C:\Users\Usuario\.stmcufinder\plugins\mcufinder/ => C:\Users\Usuario\.stmcufinder\plugins\mcufinder
2026-01-12 09:47:08,154 [INFO] CrossReferenceDbSqlite:203 - Set database path to: C:\Users\Usuario\.stmcufinder\plugins\mcufinder//mcu/cs/
2026-01-12 09:47:08,218 [INFO] MainPanel:274 - HeapMemory: 268435456
2026-01-12 09:47:08,320 [INFO] DbMcusXml:78 - Set database path to: C:\ST\STM32CubeIDE_1.19.0\STM32CubeIDE\plugins\com.st.stm32cube.common.mx_6.15.0.202507011659\\db\/mcu/
2026-01-12 09:47:08,320 [INFO] ApiDb:274 - Set plugin database path to: C:\ST\STM32CubeIDE_1.19.0\STM32CubeIDE\plugins\com.st.stm32cube.common.mx_6.15.0.202507011659\\db\/plugins/boardmanager/
2026-01-12 09:47:08,320 [INFO] ApiDb:261 - Set plugin images path to: C:\ST\STM32CubeIDE_1.19.0\STM32CubeIDE\plugins\com.st.stm32cube.common.mx_6.15.0.202507011659\\db\/plugins/mcufinder/images/
2026-01-12 09:47:08,327 [WARN] DbFile:41 - Overriding database path with different value: C:\Users\Usuario\.stmcufinder\plugins\mcufinder/ => C:\Users\Usuario\.stmcufinder\plugins\mcufinder
2026-01-12 09:47:08,327 [INFO] ApiDb:250 - Set database path to: C:\Users\Usuario\.stmcufinder\plugins\mcufinder//mcu/
2026-01-12 09:47:08,327 [WARN] DbFile:41 - Overriding database path with different value: C:\Users\Usuario\.stmcufinder\plugins\mcufinder/ => C:\Users\Usuario\.stmcufinder\plugins\mcufinder
2026-01-12 09:47:08,327 [INFO] DbMcusAds:125 - Set database path to: C:\Users\Usuario\.stmcufinder\plugins\mcufinder//mcu/
2026-01-12 09:47:08,327 [WARN] DbFile:41 - Overriding database path with different value: C:\Users\Usuario\.stmcufinder\plugins\mcufinder/ => C:\Users\Usuario\.stmcufinder\plugins\mcufinder
2026-01-12 09:47:08,327 [WARN] DbFile:41 - Overriding database path with different value: C:\Users\Usuario\.stmcufinder\plugins\mcufinder/ => C:\Users\Usuario\.stmcufinder\plugins\mcufinder
2026-01-12 09:47:08,327 [INFO] CrossReferenceDbSqlite:203 - Set database path to: C:\Users\Usuario\.stmcufinder\plugins\mcufinder//mcu/cs/
2026-01-12 09:47:08,343 [INFO] ApplicationProperties:184 - Using Application install path: C:\ST\STM32CubeIDE_1.19.0\STM32CubeIDE\plugins\com.st.stm32cube.common.mx_6.15.0.202507011659
2026-01-12 09:47:08,343 [INFO] PluginManage:196 - Search for loadable plugins [exclusion list=, ]
2026-01-12 09:47:08,343 [INFO] PluginManage:310 - Check plugin analytics
2026-01-12 09:47:17,983 [INFO] AnalyticsPlugin:253 - Accepted Software Licenses: STM32CubeMX.6.13.0,STM32CubeMX.6.16.1
2026-01-12 09:47:17,983 [INFO] AnalyticsPlugin:255 - Accepted CMSIS Pack Licenses: 
2026-01-12 09:47:17,983 [INFO] AnalyticsPlugin:257 - Accepted Firmware Licenses: FW.F4.1.28.0
2026-01-12 09:47:17,986 [INFO] PluginManage:359 - Loaded plugin analytics (category:tool,tabindex:-1)
2026-01-12 09:47:17,986 [INFO] PluginManage:310 - Check plugin cadmodel
2026-01-12 09:47:17,991 [INFO] CADModel:105 - Init CAD model plugin
2026-01-12 09:47:17,991 [INFO] PluginManage:359 - Loaded plugin cadmodel (category:power,tabindex:5)
2026-01-12 09:47:17,991 [INFO] PluginManage:310 - Check plugin clock
2026-01-12 09:47:18,003 [INFO] PluginManage:359 - Loaded plugin clock (category:base,tabindex:2)
2026-01-12 09:47:18,003 [INFO] PluginManage:310 - Check plugin ddr
2026-01-12 09:47:18,005 [INFO] PluginManage:359 - Loaded plugin ddr (category:tool,tabindex:6)
2026-01-12 09:47:18,005 [INFO] PluginManage:310 - Check plugin filemanager
2026-01-12 09:47:18,132 [INFO] PluginManage:359 - Loaded plugin filemanager (category:base,tabindex:10)
2026-01-12 09:47:18,132 [INFO] PluginManage:310 - Check plugin ipmanager
2026-01-12 09:47:18,148 [INFO] PluginManage:359 - Loaded plugin ipmanager (category:base,tabindex:5)
2026-01-12 09:47:18,148 [INFO] PluginManage:310 - Check plugin lpbam
2026-01-12 09:47:18,160 [INFO] PluginManage:359 - Loaded plugin lpbam (category:base,tabindex:0)
2026-01-12 09:47:18,160 [INFO] PluginManage:310 - Check plugin memorymap
2026-01-12 09:47:18,177 [INFO] PluginManage:359 - Loaded plugin memorymap (category:base,tabindex:4)
2026-01-12 09:47:18,177 [INFO] PluginManage:310 - Check plugin pinoutandconfiguration
2026-01-12 09:47:18,179 [INFO] PluginManage:359 - Loaded plugin pinoutandconfiguration (category:base,tabindex:1)
2026-01-12 09:47:18,179 [INFO] PluginManage:310 - Check plugin pinoutconfig
2026-01-12 09:47:18,264 [WARN] SupportedApi:132 - Cannot load RTOS API schema: s4s-elt-must-match.1: The content of 'definitions' must match (annotation?, (simpleType | complexType)?, (unique | key | keyref)*)). A problem was found starting at: attribute.
2026-01-12 09:47:18,385 [INFO] PluginManage:359 - Loaded plugin pinoutconfig (category:base,tabindex:0)
2026-01-12 09:47:18,385 [INFO] PluginManage:310 - Check plugin power
2026-01-12 09:47:18,393 [INFO] PluginManage:359 - Loaded plugin power (category:power,tabindex:4)
2026-01-12 09:47:18,393 [INFO] PluginManage:310 - Check plugin projectmanager
2026-01-12 09:47:18,409 [INFO] PluginManage:359 - Loaded plugin projectmanager (category:projectmanager,tabindex:4)
2026-01-12 09:47:18,409 [INFO] PluginManage:310 - Check plugin rif
2026-01-12 09:47:18,415 [INFO] PluginManage:359 - Loaded plugin rif (category:base,tabindex:3)
2026-01-12 09:47:18,415 [INFO] PluginManage:310 - Check plugin thirdparty
2026-01-12 09:47:18,536 [INFO] PluginManage:359 - Loaded plugin thirdparty (category:base,tabindex:-1)
2026-01-12 09:47:18,536 [WARN] IntegrityCheckThread:84 - waiting for thirdparty lock release [integrity check]
2026-01-12 09:47:18,536 [INFO] PluginManage:310 - Check plugin tools
2026-01-12 09:47:18,536 [INFO] IntegrityCheckThread:86 - entering critical section [integrity check]
2026-01-12 09:47:18,536 [INFO] ThirdPartyUpdaterWithRetryManager:70 - Updater plugin not ready yet. [1/15]
2026-01-12 09:47:18,536 [INFO] PluginManage:359 - Loaded plugin tools (category:base,tabindex:7)
2026-01-12 09:47:18,536 [INFO] PluginManage:310 - Check plugin tutovideos
2026-01-12 09:47:18,689 [INFO] PluginManage:359 - Loaded plugin tutovideos (category:base,tabindex:-1)
2026-01-12 09:47:18,689 [INFO] PluginManage:310 - Check plugin updater
2026-01-12 09:47:18,705 [INFO] PluginManage:359 - Loaded plugin updater (category:base,tabindex:12)
2026-01-12 09:47:18,705 [INFO] PluginManage:310 - Check plugin userauth
2026-01-12 09:47:18,711 [INFO] UserAuth:118 - Init User Auth plugin
2026-01-12 09:47:18,711 [INFO] PluginManage:359 - Loaded plugin userauth (category:base,tabindex:14)
2026-01-12 09:47:18,711 [INFO] PluginManage:283 - PluginManage : Loaded plugins [18]
2026-01-12 09:47:18,870 [INFO] PinOutPanel:1589 - setPackage(No Configuration,No Configuration)
2026-01-12 09:47:18,950 [INFO] CADModel:165 - CPN selected for project level
2026-01-12 09:47:18,950 [INFO] CADModel:114 - Register for checkConnection events
2026-01-12 09:47:18,974 [INFO] IPUIPlugin:80 - create IPUIPlugin
2026-01-12 09:47:18,974 [INFO] PluginManager:220 - loadIPPluginJar : add adc
2026-01-12 09:47:18,974 [INFO] IPUIPlugin:80 - create IPUIPlugin
2026-01-12 09:47:18,974 [INFO] PluginManager:220 - loadIPPluginJar : add aes
2026-01-12 09:47:18,984 [INFO] IPUIPlugin:80 - create IPUIPlugin
2026-01-12 09:47:18,984 [INFO] PluginManager:220 - loadIPPluginJar : add can
2026-01-12 09:47:18,984 [INFO] IPUIPlugin:80 - create IPUIPlugin
2026-01-12 09:47:18,984 [INFO] PluginManager:220 - loadIPPluginJar : add comp
2026-01-12 09:47:18,984 [INFO] IPUIPlugin:80 - create IPUIPlugin
2026-01-12 09:47:18,984 [INFO] PluginManager:220 - loadIPPluginJar : add cryp
2026-01-12 09:47:18,984 [INFO] IPUIPlugin:80 - create IPUIPlugin
2026-01-12 09:47:18,984 [INFO] PluginManager:220 - loadIPPluginJar : add ddr_ctrl_phy
2026-01-12 09:47:18,998 [INFO] IPUIPlugin:80 - create IPUIPlugin
2026-01-12 09:47:18,998 [INFO] PluginManager:220 - loadIPPluginJar : add dfsdm
2026-01-12 09:47:19,008 [INFO] IPUIPlugin:80 - create IPUIPlugin
2026-01-12 09:47:19,008 [INFO] PluginManager:220 - loadIPPluginJar : add dma
2026-01-12 09:47:19,014 [INFO] IPUIPlugin:80 - create IPUIPlugin
2026-01-12 09:47:19,014 [INFO] PluginManager:220 - loadIPPluginJar : add dma3
2026-01-12 09:47:19,014 [INFO] IPUIPlugin:80 - create IPUIPlugin
2026-01-12 09:47:19,014 [INFO] PluginManager:220 - loadIPPluginJar : add extmemmanager
2026-01-12 09:47:19,014 [INFO] IPUIPlugin:80 - create IPUIPlugin
2026-01-12 09:47:19,014 [INFO] PluginManager:220 - loadIPPluginJar : add fatfs
2026-01-12 09:47:19,014 [INFO] IPUIPlugin:80 - create IPUIPlugin
2026-01-12 09:47:19,014 [INFO] PluginManager:220 - loadIPPluginJar : add fmc
2026-01-12 09:47:19,029 [INFO] IPUIPlugin:80 - create IPUIPlugin
2026-01-12 09:47:19,029 [INFO] PluginManager:220 - loadIPPluginJar : add freertos
2026-01-12 09:47:19,029 [INFO] IPUIPlugin:80 - create IPUIPlugin
2026-01-12 09:47:19,029 [INFO] PluginManager:220 - loadIPPluginJar : add genericplugin
2026-01-12 09:47:19,045 [INFO] IPUIPlugin:80 - create IPUIPlugin
2026-01-12 09:47:19,045 [INFO] PluginManager:220 - loadIPPluginJar : add gfxmmu
2026-01-12 09:47:19,052 [INFO] IPUIPlugin:80 - create IPUIPlugin
2026-01-12 09:47:19,052 [INFO] PluginManager:220 - loadIPPluginJar : add gic
2026-01-12 09:47:19,061 [INFO] IPUIPlugin:80 - create IPUIPlugin
2026-01-12 09:47:19,061 [INFO] PluginManager:220 - loadIPPluginJar : add gpio
2026-01-12 09:47:19,063 [INFO] IPUIPlugin:80 - create IPUIPlugin
2026-01-12 09:47:19,063 [INFO] PluginManager:220 - loadIPPluginJar : add gtzc
2026-01-12 09:47:19,063 [INFO] IPUIPlugin:80 - create IPUIPlugin
2026-01-12 09:47:19,063 [INFO] PluginManager:220 - loadIPPluginJar : add hash
2026-01-12 09:47:19,063 [INFO] IPUIPlugin:80 - create IPUIPlugin
2026-01-12 09:47:19,077 [INFO] PluginManager:220 - loadIPPluginJar : add i2c
2026-01-12 09:47:19,081 [INFO] IPUIPlugin:80 - create IPUIPlugin
2026-01-12 09:47:19,081 [INFO] PluginManager:220 - loadIPPluginJar : add i2s
2026-01-12 09:47:19,081 [INFO] IPUIPlugin:80 - create IPUIPlugin
2026-01-12 09:47:19,081 [INFO] PluginManager:220 - loadIPPluginJar : add i3c
2026-01-12 09:47:19,092 [INFO] IPUIPlugin:80 - create IPUIPlugin
2026-01-12 09:47:19,092 [INFO] PluginManager:220 - loadIPPluginJar : add ipddr
2026-01-12 09:47:19,101 [INFO] IPUIPlugin:80 - create IPUIPlugin
2026-01-12 09:47:19,101 [INFO] PluginManager:220 - loadIPPluginJar : add linkedlist
2026-01-12 09:47:19,103 [INFO] IPUIPlugin:80 - create IPUIPlugin
2026-01-12 09:47:19,103 [INFO] PluginManager:220 - loadIPPluginJar : add lorawan
2026-01-12 09:47:19,109 [INFO] IPUIPlugin:80 - create IPUIPlugin
2026-01-12 09:47:19,109 [INFO] PluginManager:220 - loadIPPluginJar : add ltdc
2026-01-12 09:47:19,109 [INFO] IPUIPlugin:80 - create IPUIPlugin
2026-01-12 09:47:19,109 [INFO] PluginManager:220 - loadIPPluginJar : add mdma
2026-01-12 09:47:19,109 [INFO] IPUIPlugin:80 - create IPUIPlugin
2026-01-12 09:47:19,109 [INFO] PluginManager:220 - loadIPPluginJar : add nvic
2026-01-12 09:47:19,124 [INFO] IPUIPlugin:80 - create IPUIPlugin
2026-01-12 09:47:19,124 [INFO] PluginManager:220 - loadIPPluginJar : add opamp
2026-01-12 09:47:19,124 [INFO] IPUIPlugin:80 - create IPUIPlugin
2026-01-12 09:47:19,124 [INFO] PluginManager:220 - loadIPPluginJar : add openamp
2026-01-12 09:47:19,139 [INFO] IPUIPlugin:80 - create IPUIPlugin
2026-01-12 09:47:19,139 [INFO] PluginManager:220 - loadIPPluginJar : add pdm2pcm
2026-01-12 09:47:19,140 [INFO] IPUIPlugin:80 - create IPUIPlugin
2026-01-12 09:47:19,140 [INFO] PluginManager:220 - loadIPPluginJar : add plateformsettings
2026-01-12 09:47:19,150 [INFO] IPUIPlugin:80 - create IPUIPlugin
2026-01-12 09:47:19,150 [INFO] PluginManager:220 - loadIPPluginJar : add quadspi
2026-01-12 09:47:19,150 [INFO] IPUIPlugin:80 - create IPUIPlugin
2026-01-12 09:47:19,150 [INFO] PluginManager:220 - loadIPPluginJar : add radio
2026-01-12 09:47:19,160 [INFO] IPUIPlugin:80 - create IPUIPlugin
2026-01-12 09:47:19,160 [INFO] PluginManager:220 - loadIPPluginJar : add resmgrutility
2026-01-12 09:47:19,164 [INFO] IPUIPlugin:80 - create IPUIPlugin
2026-01-12 09:47:19,164 [INFO] PluginManager:220 - loadIPPluginJar : add sai
2026-01-12 09:47:19,168 [INFO] IPUIPlugin:80 - create IPUIPlugin
2026-01-12 09:47:19,168 [INFO] PluginManager:220 - loadIPPluginJar : add spi
2026-01-12 09:47:19,176 [INFO] IPUIPlugin:80 - create IPUIPlugin
2026-01-12 09:47:19,176 [INFO] PluginManager:220 - loadIPPluginJar : add stm32_wpan
2026-01-12 09:47:19,178 [INFO] IPUIPlugin:80 - create IPUIPlugin
2026-01-12 09:47:19,178 [INFO] PluginManager:220 - loadIPPluginJar : add tim
2026-01-12 09:47:19,184 [INFO] IPUIPlugin:80 - create IPUIPlugin
2026-01-12 09:47:19,184 [INFO] PluginManager:220 - loadIPPluginJar : add touchsensing
2026-01-12 09:47:19,188 [INFO] IPUIPlugin:80 - create IPUIPlugin
2026-01-12 09:47:19,188 [INFO] PluginManager:220 - loadIPPluginJar : add tracer_emb
2026-01-12 09:47:19,188 [INFO] IPUIPlugin:80 - create IPUIPlugin
2026-01-12 09:47:19,188 [INFO] PluginManager:220 - loadIPPluginJar : add ts
2026-01-12 09:47:19,188 [INFO] IPUIPlugin:80 - create IPUIPlugin
2026-01-12 09:47:19,188 [INFO] PluginManager:220 - loadIPPluginJar : add tsc
2026-01-12 09:47:19,198 [INFO] IPUIPlugin:80 - create IPUIPlugin
2026-01-12 09:47:19,201 [INFO] PluginManager:220 - loadIPPluginJar : add ucpd
2026-01-12 09:47:19,203 [INFO] IPUIPlugin:80 - create IPUIPlugin
2026-01-12 09:47:19,203 [INFO] PluginManager:220 - loadIPPluginJar : add usart
2026-01-12 09:47:19,203 [INFO] IPUIPlugin:80 - create IPUIPlugin
2026-01-12 09:47:19,203 [INFO] PluginManager:220 - loadIPPluginJar : add usbx
2026-01-12 09:47:19,331 [FATAL] Updater:351 - Updater called before beeing initialized
2026-01-12 09:47:19,357 [INFO] RulesReader:64 - Compatibility file has been processed (317 Rules)
2026-01-12 09:47:19,369 [INFO] RulesReader:64 - Compatibility file has been processed (317 Rules)
2026-01-12 09:47:19,379 [INFO] CADModel:165 - CPN selected for project level
2026-01-12 09:47:19,379 [INFO] CADModel:114 - Register for checkConnection events
2026-01-12 09:47:19,379 [FATAL] Updater:351 - Updater called before beeing initialized
2026-01-12 09:47:19,383 [ERROR] CADModel:125 - Updater not yet initialized, retry later 
2026-01-12 09:47:19,493 [FATAL] Updater:351 - Updater called before beeing initialized
2026-01-12 09:47:19,499 [INFO] CADModel:165 - CPN selected for project level
2026-01-12 09:47:19,499 [INFO] CADModel:114 - Register for checkConnection events
2026-01-12 09:47:19,499 [FATAL] Updater:351 - Updater called before beeing initialized
2026-01-12 09:47:19,499 [ERROR] CADModel:125 - Updater not yet initialized, retry later 
2026-01-12 09:47:19,500 [FATAL] Updater:351 - Updater called before beeing initialized
2026-01-12 09:47:19,593 [FATAL] Updater:351 - Updater called before beeing initialized
2026-01-12 09:47:19,593 [INFO] DbMcusAds:53 - JSON generation date=Thu Jan 08 16:56:32 CET 2026 (1767887792457)
2026-01-12 09:47:19,593 [FATAL] Updater:351 - Updater called before beeing initialized
2026-01-12 09:47:19,625 [WARN] DetailPanel:346 - Failed to get advertising image, set to default
2026-01-12 09:47:19,704 [FATAL] Updater:351 - Updater called before beeing initialized
2026-01-12 09:47:19,704 [FATAL] Updater:351 - Updater called before beeing initialized
2026-01-12 09:47:19,704 [FATAL] Updater:351 - Updater called before beeing initialized
2026-01-12 09:47:19,704 [WARN] DetailPanel:346 - Failed to get advertising image, set to default
2026-01-12 09:47:19,704 [FATAL] Updater:351 - Updater called before beeing initialized
2026-01-12 09:47:19,752 [ERROR] Updater:1198 - MainUpdater not yet initialized. External WinMGr cannot be set.
2026-01-12 09:47:19,752 [INFO] Updater:1134 - Updater Version found : 6.15.0
2026-01-12 09:47:19,768 [INFO] ApplicationProperties:184 - Using Application install path: C:\ST\STM32CubeIDE_1.19.0\STM32CubeIDE\plugins\com.st.stm32cube.common.mx_6.15.0.202507011659
2026-01-12 09:47:20,006 [INFO] MainUpdater:2872 - connection check result : 10
2026-01-12 09:47:20,019 [INFO] MainUpdater:289 - Updater Check For Update Now.
2026-01-12 09:47:20,019 [INFO] MicroXplorer:498 - Change Database Version : DB.6.0.150
2026-01-12 09:47:20,029 [INFO] McuFinderGlobals:63 - Set McuFinder mode to 2 (CubeIDE integrated)
2026-01-12 09:47:20,029 [INFO] UserAuth:487 - Internet connection configuration mode: 1
2026-01-12 09:47:20,048 [INFO] JxBrowserEngine:152 - Initiate JxBrowser Engine with user profile folder
2026-01-12 09:47:20,258 [INFO] CheckServerUpdateThread:120 - End of CheckServer Thread
2026-01-12 09:47:36,888 [INFO] Activator:176 - 


2026-01-12 09:47:36,888 [INFO] Activator:177 - !SESSION log4j initialized
2026-01-12 09:47:38,895 [INFO] LogOutputStream:77 - [STDOUT_REDIRECT] 
2026-01-12 09:47:50,325 [INFO] ApplicationProperties:184 - Using Application install path: C:\ST\STM32CubeIDE_1.19.0\STM32CubeIDE\plugins\com.st.stm32cube.common.mx_6.15.0.202507011659
2026-01-12 09:47:50,337 [INFO] DbMcusXml:78 - Set database path to: C:\ST\STM32CubeIDE_1.19.0\STM32CubeIDE\plugins\com.st.stm32cube.common.mx_6.15.0.202507011659\\db\/mcu/
2026-01-12 09:47:50,337 [INFO] ApiDb:274 - Set plugin database path to: C:\ST\STM32CubeIDE_1.19.0\STM32CubeIDE\plugins\com.st.stm32cube.common.mx_6.15.0.202507011659\\db\/plugins/boardmanager/
2026-01-12 09:47:50,337 [WARN] ApiDb:259 - Overriding images path with different value:  => C:\ST\STM32CubeIDE_1.19.0\STM32CubeIDE\plugins\com.st.stm32cube.common.mx_6.15.0.202507011659\\db\/plugins/mcufinder/images/
2026-01-12 09:47:50,340 [INFO] ApiDb:250 - Set database path to: C:\Users\Usuario\.stmcufinder\plugins\mcufinder//mcu/
2026-01-12 09:47:50,340 [INFO] DbMcusAds:125 - Set database path to: C:\Users\Usuario\.stmcufinder\plugins\mcufinder//mcu/
2026-01-12 09:47:50,436 [INFO] CrossReferenceDbSqlite:203 - Set database path to: C:\Users\Usuario\.stmcufinder\plugins\mcufinder//mcu/cs/
2026-01-12 09:47:50,518 [INFO] RulesReader:64 - Compatibility file has been processed (317 Rules)
2026-01-12 09:47:50,595 [INFO] DbMcusXml:78 - Set database path to: C:\ST\STM32CubeIDE_1.19.0\STM32CubeIDE\plugins\com.st.stm32cube.common.mx_6.15.0.202507011659\\db\/mcu/
2026-01-12 09:47:50,595 [INFO] ApiDb:274 - Set plugin database path to: C:\ST\STM32CubeIDE_1.19.0\STM32CubeIDE\plugins\com.st.stm32cube.common.mx_6.15.0.202507011659\\db\/plugins/boardmanager/
2026-01-12 09:47:50,595 [INFO] ApiDb:261 - Set plugin images path to: C:\ST\STM32CubeIDE_1.19.0\STM32CubeIDE\plugins\com.st.stm32cube.common.mx_6.15.0.202507011659\\db\/plugins/mcufinder/images/
2026-01-12 09:47:50,595 [WARN] DbFile:41 - Overriding database path with different value: C:\Users\Usuario\.stmcufinder\plugins\mcufinder/ => C:\Users\Usuario\.stmcufinder\plugins\mcufinder
2026-01-12 09:47:50,595 [INFO] ApiDb:250 - Set database path to: C:\Users\Usuario\.stmcufinder\plugins\mcufinder//mcu/
2026-01-12 09:47:50,595 [WARN] DbFile:41 - Overriding database path with different value: C:\Users\Usuario\.stmcufinder\plugins\mcufinder/ => C:\Users\Usuario\.stmcufinder\plugins\mcufinder
2026-01-12 09:47:50,595 [INFO] DbMcusAds:125 - Set database path to: C:\Users\Usuario\.stmcufinder\plugins\mcufinder//mcu/
2026-01-12 09:47:50,595 [WARN] DbFile:41 - Overriding database path with different value: C:\Users\Usuario\.stmcufinder\plugins\mcufinder/ => C:\Users\Usuario\.stmcufinder\plugins\mcufinder
2026-01-12 09:47:50,595 [WARN] DbFile:41 - Overriding database path with different value: C:\Users\Usuario\.stmcufinder\plugins\mcufinder/ => C:\Users\Usuario\.stmcufinder\plugins\mcufinder
2026-01-12 09:47:50,595 [INFO] CrossReferenceDbSqlite:203 - Set database path to: C:\Users\Usuario\.stmcufinder\plugins\mcufinder//mcu/cs/
2026-01-12 09:47:50,660 [INFO] MainPanel:274 - HeapMemory: 268435456
2026-01-12 09:47:50,717 [INFO] DbMcusXml:78 - Set database path to: C:\ST\STM32CubeIDE_1.19.0\STM32CubeIDE\plugins\com.st.stm32cube.common.mx_6.15.0.202507011659\\db\/mcu/
2026-01-12 09:47:50,717 [INFO] ApiDb:274 - Set plugin database path to: C:\ST\STM32CubeIDE_1.19.0\STM32CubeIDE\plugins\com.st.stm32cube.common.mx_6.15.0.202507011659\\db\/plugins/boardmanager/
2026-01-12 09:47:50,717 [INFO] ApiDb:261 - Set plugin images path to: C:\ST\STM32CubeIDE_1.19.0\STM32CubeIDE\plugins\com.st.stm32cube.common.mx_6.15.0.202507011659\\db\/plugins/mcufinder/images/
2026-01-12 09:47:50,727 [WARN] DbFile:41 - Overriding database path with different value: C:\Users\Usuario\.stmcufinder\plugins\mcufinder/ => C:\Users\Usuario\.stmcufinder\plugins\mcufinder
2026-01-12 09:47:50,727 [INFO] ApiDb:250 - Set database path to: C:\Users\Usuario\.stmcufinder\plugins\mcufinder//mcu/
2026-01-12 09:47:50,727 [WARN] DbFile:41 - Overriding database path with different value: C:\Users\Usuario\.stmcufinder\plugins\mcufinder/ => C:\Users\Usuario\.stmcufinder\plugins\mcufinder
2026-01-12 09:47:50,727 [INFO] DbMcusAds:125 - Set database path to: C:\Users\Usuario\.stmcufinder\plugins\mcufinder//mcu/
2026-01-12 09:47:50,727 [WARN] DbFile:41 - Overriding database path with different value: C:\Users\Usuario\.stmcufinder\plugins\mcufinder/ => C:\Users\Usuario\.stmcufinder\plugins\mcufinder
2026-01-12 09:47:50,727 [WARN] DbFile:41 - Overriding database path with different value: C:\Users\Usuario\.stmcufinder\plugins\mcufinder/ => C:\Users\Usuario\.stmcufinder\plugins\mcufinder
2026-01-12 09:47:50,727 [INFO] CrossReferenceDbSqlite:203 - Set database path to: C:\Users\Usuario\.stmcufinder\plugins\mcufinder//mcu/cs/
2026-01-12 09:47:50,741 [INFO] ApplicationProperties:184 - Using Application install path: C:\ST\STM32CubeIDE_1.19.0\STM32CubeIDE\plugins\com.st.stm32cube.common.mx_6.15.0.202507011659
2026-01-12 09:47:50,747 [INFO] PluginManage:196 - Search for loadable plugins [exclusion list=, ]
2026-01-12 09:47:50,749 [INFO] PluginManage:310 - Check plugin analytics
2026-01-12 09:48:00,421 [INFO] AnalyticsPlugin:253 - Accepted Software Licenses: STM32CubeMX.6.13.0,STM32CubeMX.6.16.1
2026-01-12 09:48:00,421 [INFO] AnalyticsPlugin:255 - Accepted CMSIS Pack Licenses: 
2026-01-12 09:48:00,421 [INFO] AnalyticsPlugin:257 - Accepted Firmware Licenses: FW.F4.1.28.0
2026-01-12 09:48:00,423 [INFO] PluginManage:359 - Loaded plugin analytics (category:tool,tabindex:-1)
2026-01-12 09:48:00,423 [INFO] PluginManage:310 - Check plugin cadmodel
2026-01-12 09:48:00,423 [INFO] CADModel:105 - Init CAD model plugin
2026-01-12 09:48:00,423 [INFO] PluginManage:359 - Loaded plugin cadmodel (category:power,tabindex:5)
2026-01-12 09:48:00,423 [INFO] PluginManage:310 - Check plugin clock
2026-01-12 09:48:00,423 [INFO] PluginManage:359 - Loaded plugin clock (category:base,tabindex:2)
2026-01-12 09:48:00,423 [INFO] PluginManage:310 - Check plugin ddr
2026-01-12 09:48:00,423 [INFO] PluginManage:359 - Loaded plugin ddr (category:tool,tabindex:6)
2026-01-12 09:48:00,423 [INFO] PluginManage:310 - Check plugin filemanager
2026-01-12 09:48:00,551 [INFO] PluginManage:359 - Loaded plugin filemanager (category:base,tabindex:10)
2026-01-12 09:48:00,551 [INFO] PluginManage:310 - Check plugin ipmanager
2026-01-12 09:48:00,561 [INFO] PluginManage:359 - Loaded plugin ipmanager (category:base,tabindex:5)
2026-01-12 09:48:00,561 [INFO] PluginManage:310 - Check plugin lpbam
2026-01-12 09:48:00,567 [INFO] PluginManage:359 - Loaded plugin lpbam (category:base,tabindex:0)
2026-01-12 09:48:00,567 [INFO] PluginManage:310 - Check plugin memorymap
2026-01-12 09:48:00,583 [INFO] PluginManage:359 - Loaded plugin memorymap (category:base,tabindex:4)
2026-01-12 09:48:00,583 [INFO] PluginManage:310 - Check plugin pinoutandconfiguration
2026-01-12 09:48:00,615 [INFO] PluginManage:359 - Loaded plugin pinoutandconfiguration (category:base,tabindex:1)
2026-01-12 09:48:00,615 [INFO] PluginManage:310 - Check plugin pinoutconfig
2026-01-12 09:48:00,723 [WARN] SupportedApi:132 - Cannot load RTOS API schema: s4s-elt-must-match.1: The content of 'definitions' must match (annotation?, (simpleType | complexType)?, (unique | key | keyref)*)). A problem was found starting at: attribute.
2026-01-12 09:48:00,821 [INFO] PluginManage:359 - Loaded plugin pinoutconfig (category:base,tabindex:0)
2026-01-12 09:48:00,821 [INFO] PluginManage:310 - Check plugin power
2026-01-12 09:48:00,821 [INFO] PluginManage:359 - Loaded plugin power (category:power,tabindex:4)
2026-01-12 09:48:00,821 [INFO] PluginManage:310 - Check plugin projectmanager
2026-01-12 09:48:00,836 [INFO] PluginManage:359 - Loaded plugin projectmanager (category:projectmanager,tabindex:4)
2026-01-12 09:48:00,836 [INFO] PluginManage:310 - Check plugin rif
2026-01-12 09:48:00,836 [INFO] PluginManage:359 - Loaded plugin rif (category:base,tabindex:3)
2026-01-12 09:48:00,836 [INFO] PluginManage:310 - Check plugin thirdparty
2026-01-12 09:48:00,934 [INFO] PluginManage:359 - Loaded plugin thirdparty (category:base,tabindex:-1)
2026-01-12 09:48:00,934 [INFO] PluginManage:310 - Check plugin tools
2026-01-12 09:48:00,934 [WARN] IntegrityCheckThread:84 - waiting for thirdparty lock release [integrity check]
2026-01-12 09:48:00,940 [INFO] IntegrityCheckThread:86 - entering critical section [integrity check]
2026-01-12 09:48:00,940 [INFO] ThirdPartyUpdaterWithRetryManager:70 - Updater plugin not ready yet. [1/15]
2026-01-12 09:48:00,940 [INFO] PluginManage:359 - Loaded plugin tools (category:base,tabindex:7)
2026-01-12 09:48:00,940 [INFO] PluginManage:310 - Check plugin tutovideos
2026-01-12 09:48:01,066 [INFO] PluginManage:359 - Loaded plugin tutovideos (category:base,tabindex:-1)
2026-01-12 09:48:01,066 [INFO] PluginManage:310 - Check plugin updater
2026-01-12 09:48:01,082 [INFO] PluginManage:359 - Loaded plugin updater (category:base,tabindex:12)
2026-01-12 09:48:01,082 [INFO] PluginManage:310 - Check plugin userauth
2026-01-12 09:48:01,082 [INFO] UserAuth:118 - Init User Auth plugin
2026-01-12 09:48:01,082 [INFO] PluginManage:359 - Loaded plugin userauth (category:base,tabindex:14)
2026-01-12 09:48:01,082 [INFO] PluginManage:283 - PluginManage : Loaded plugins [18]
2026-01-12 09:48:01,294 [INFO] PinOutPanel:1589 - setPackage(No Configuration,No Configuration)
2026-01-12 09:48:01,383 [INFO] CADModel:165 - CPN selected for project level
2026-01-12 09:48:01,383 [INFO] CADModel:114 - Register for checkConnection events
2026-01-12 09:48:01,403 [INFO] IPUIPlugin:80 - create IPUIPlugin
2026-01-12 09:48:01,403 [INFO] PluginManager:220 - loadIPPluginJar : add adc
2026-01-12 09:48:01,407 [INFO] IPUIPlugin:80 - create IPUIPlugin
2026-01-12 09:48:01,407 [INFO] PluginManager:220 - loadIPPluginJar : add aes
2026-01-12 09:48:01,407 [INFO] IPUIPlugin:80 - create IPUIPlugin
2026-01-12 09:48:01,407 [INFO] PluginManager:220 - loadIPPluginJar : add can
2026-01-12 09:48:01,412 [INFO] IPUIPlugin:80 - create IPUIPlugin
2026-01-12 09:48:01,412 [INFO] PluginManager:220 - loadIPPluginJar : add comp
2026-01-12 09:48:01,412 [INFO] IPUIPlugin:80 - create IPUIPlugin
2026-01-12 09:48:01,412 [INFO] PluginManager:220 - loadIPPluginJar : add cryp
2026-01-12 09:48:01,419 [INFO] IPUIPlugin:80 - create IPUIPlugin
2026-01-12 09:48:01,419 [INFO] PluginManager:220 - loadIPPluginJar : add ddr_ctrl_phy
2026-01-12 09:48:01,421 [INFO] IPUIPlugin:80 - create IPUIPlugin
2026-01-12 09:48:01,421 [INFO] PluginManager:220 - loadIPPluginJar : add dfsdm
2026-01-12 09:48:01,428 [INFO] IPUIPlugin:80 - create IPUIPlugin
2026-01-12 09:48:01,428 [INFO] PluginManager:220 - loadIPPluginJar : add dma
2026-01-12 09:48:01,432 [INFO] IPUIPlugin:80 - create IPUIPlugin
2026-01-12 09:48:01,432 [INFO] PluginManager:220 - loadIPPluginJar : add dma3
2026-01-12 09:48:01,435 [INFO] IPUIPlugin:80 - create IPUIPlugin
2026-01-12 09:48:01,435 [INFO] PluginManager:220 - loadIPPluginJar : add extmemmanager
2026-01-12 09:48:01,437 [INFO] IPUIPlugin:80 - create IPUIPlugin
2026-01-12 09:48:01,437 [INFO] PluginManager:220 - loadIPPluginJar : add fatfs
2026-01-12 09:48:01,444 [INFO] IPUIPlugin:80 - create IPUIPlugin
2026-01-12 09:48:01,444 [INFO] PluginManager:220 - loadIPPluginJar : add fmc
2026-01-12 09:48:01,449 [INFO] IPUIPlugin:80 - create IPUIPlugin
2026-01-12 09:48:01,451 [INFO] PluginManager:220 - loadIPPluginJar : add freertos
2026-01-12 09:48:01,453 [INFO] IPUIPlugin:80 - create IPUIPlugin
2026-01-12 09:48:01,453 [INFO] PluginManager:220 - loadIPPluginJar : add genericplugin
2026-01-12 09:48:01,456 [INFO] IPUIPlugin:80 - create IPUIPlugin
2026-01-12 09:48:01,456 [INFO] PluginManager:220 - loadIPPluginJar : add gfxmmu
2026-01-12 09:48:01,463 [INFO] IPUIPlugin:80 - create IPUIPlugin
2026-01-12 09:48:01,463 [INFO] PluginManager:220 - loadIPPluginJar : add gic
2026-01-12 09:48:01,467 [INFO] IPUIPlugin:80 - create IPUIPlugin
2026-01-12 09:48:01,467 [INFO] PluginManager:220 - loadIPPluginJar : add gpio
2026-01-12 09:48:01,467 [INFO] IPUIPlugin:80 - create IPUIPlugin
2026-01-12 09:48:01,467 [INFO] PluginManager:220 - loadIPPluginJar : add gtzc
2026-01-12 09:48:01,467 [INFO] IPUIPlugin:80 - create IPUIPlugin
2026-01-12 09:48:01,467 [INFO] PluginManager:220 - loadIPPluginJar : add hash
2026-01-12 09:48:01,475 [INFO] IPUIPlugin:80 - create IPUIPlugin
2026-01-12 09:48:01,475 [INFO] PluginManager:220 - loadIPPluginJar : add i2c
2026-01-12 09:48:01,475 [INFO] IPUIPlugin:80 - create IPUIPlugin
2026-01-12 09:48:01,475 [INFO] PluginManager:220 - loadIPPluginJar : add i2s
2026-01-12 09:48:01,475 [INFO] IPUIPlugin:80 - create IPUIPlugin
2026-01-12 09:48:01,475 [INFO] PluginManager:220 - loadIPPluginJar : add i3c
2026-01-12 09:48:01,475 [INFO] IPUIPlugin:80 - create IPUIPlugin
2026-01-12 09:48:01,475 [INFO] PluginManager:220 - loadIPPluginJar : add ipddr
2026-01-12 09:48:01,491 [INFO] IPUIPlugin:80 - create IPUIPlugin
2026-01-12 09:48:01,491 [INFO] PluginManager:220 - loadIPPluginJar : add linkedlist
2026-01-12 09:48:01,496 [INFO] IPUIPlugin:80 - create IPUIPlugin
2026-01-12 09:48:01,496 [INFO] PluginManager:220 - loadIPPluginJar : add lorawan
2026-01-12 09:48:01,496 [INFO] IPUIPlugin:80 - create IPUIPlugin
2026-01-12 09:48:01,501 [INFO] PluginManager:220 - loadIPPluginJar : add ltdc
2026-01-12 09:48:01,505 [INFO] IPUIPlugin:80 - create IPUIPlugin
2026-01-12 09:48:01,505 [INFO] PluginManager:220 - loadIPPluginJar : add mdma
2026-01-12 09:48:01,507 [INFO] IPUIPlugin:80 - create IPUIPlugin
2026-01-12 09:48:01,507 [INFO] PluginManager:220 - loadIPPluginJar : add nvic
2026-01-12 09:48:01,507 [INFO] IPUIPlugin:80 - create IPUIPlugin
2026-01-12 09:48:01,507 [INFO] PluginManager:220 - loadIPPluginJar : add opamp
2026-01-12 09:48:01,517 [INFO] IPUIPlugin:80 - create IPUIPlugin
2026-01-12 09:48:01,517 [INFO] PluginManager:220 - loadIPPluginJar : add openamp
2026-01-12 09:48:01,518 [INFO] IPUIPlugin:80 - create IPUIPlugin
2026-01-12 09:48:01,518 [INFO] PluginManager:220 - loadIPPluginJar : add pdm2pcm
2026-01-12 09:48:01,524 [INFO] IPUIPlugin:80 - create IPUIPlugin
2026-01-12 09:48:01,529 [INFO] PluginManager:220 - loadIPPluginJar : add plateformsettings
2026-01-12 09:48:01,531 [INFO] IPUIPlugin:80 - create IPUIPlugin
2026-01-12 09:48:01,531 [INFO] PluginManager:220 - loadIPPluginJar : add quadspi
2026-01-12 09:48:01,531 [INFO] IPUIPlugin:80 - create IPUIPlugin
2026-01-12 09:48:01,531 [INFO] PluginManager:220 - loadIPPluginJar : add radio
2026-01-12 09:48:01,534 [INFO] IPUIPlugin:80 - create IPUIPlugin
2026-01-12 09:48:01,534 [INFO] PluginManager:220 - loadIPPluginJar : add resmgrutility
2026-01-12 09:48:01,538 [INFO] IPUIPlugin:80 - create IPUIPlugin
2026-01-12 09:48:01,538 [INFO] PluginManager:220 - loadIPPluginJar : add sai
2026-01-12 09:48:01,538 [INFO] IPUIPlugin:80 - create IPUIPlugin
2026-01-12 09:48:01,538 [INFO] PluginManager:220 - loadIPPluginJar : add spi
2026-01-12 09:48:01,548 [INFO] IPUIPlugin:80 - create IPUIPlugin
2026-01-12 09:48:01,548 [INFO] PluginManager:220 - loadIPPluginJar : add stm32_wpan
2026-01-12 09:48:01,550 [INFO] IPUIPlugin:80 - create IPUIPlugin
2026-01-12 09:48:01,550 [INFO] PluginManager:220 - loadIPPluginJar : add tim
2026-01-12 09:48:01,554 [INFO] IPUIPlugin:80 - create IPUIPlugin
2026-01-12 09:48:01,554 [INFO] PluginManager:220 - loadIPPluginJar : add touchsensing
2026-01-12 09:48:01,556 [INFO] IPUIPlugin:80 - create IPUIPlugin
2026-01-12 09:48:01,556 [INFO] PluginManager:220 - loadIPPluginJar : add tracer_emb
2026-01-12 09:48:01,558 [INFO] IPUIPlugin:80 - create IPUIPlugin
2026-01-12 09:48:01,558 [INFO] PluginManager:220 - loadIPPluginJar : add ts
2026-01-12 09:48:01,558 [INFO] IPUIPlugin:80 - create IPUIPlugin
2026-01-12 09:48:01,558 [INFO] PluginManager:220 - loadIPPluginJar : add tsc
2026-01-12 09:48:01,558 [INFO] IPUIPlugin:80 - create IPUIPlugin
2026-01-12 09:48:01,558 [INFO] PluginManager:220 - loadIPPluginJar : add ucpd
2026-01-12 09:48:01,558 [INFO] IPUIPlugin:80 - create IPUIPlugin
2026-01-12 09:48:01,558 [INFO] PluginManager:220 - loadIPPluginJar : add usart
2026-01-12 09:48:01,558 [INFO] IPUIPlugin:80 - create IPUIPlugin
2026-01-12 09:48:01,558 [INFO] PluginManager:220 - loadIPPluginJar : add usbx
2026-01-12 09:48:01,686 [FATAL] Updater:351 - Updater called before beeing initialized
2026-01-12 09:48:01,721 [INFO] RulesReader:64 - Compatibility file has been processed (317 Rules)
2026-01-12 09:48:01,734 [INFO] RulesReader:64 - Compatibility file has been processed (317 Rules)
2026-01-12 09:48:01,741 [INFO] CADModel:165 - CPN selected for project level
2026-01-12 09:48:01,741 [INFO] CADModel:114 - Register for checkConnection events
2026-01-12 09:48:01,741 [FATAL] Updater:351 - Updater called before beeing initialized
2026-01-12 09:48:01,741 [ERROR] CADModel:125 - Updater not yet initialized, retry later 
2026-01-12 09:48:01,844 [FATAL] Updater:351 - Updater called before beeing initialized
2026-01-12 09:48:01,849 [INFO] CADModel:165 - CPN selected for project level
2026-01-12 09:48:01,849 [INFO] CADModel:114 - Register for checkConnection events
2026-01-12 09:48:01,849 [FATAL] Updater:351 - Updater called before beeing initialized
2026-01-12 09:48:01,849 [ERROR] CADModel:125 - Updater not yet initialized, retry later 
2026-01-12 09:48:01,850 [FATAL] Updater:351 - Updater called before beeing initialized
2026-01-12 09:48:01,945 [FATAL] Updater:351 - Updater called before beeing initialized
2026-01-12 09:48:01,945 [INFO] DbMcusAds:53 - JSON generation date=Thu Jan 08 16:56:32 CET 2026 (1767887792457)
2026-01-12 09:48:01,945 [FATAL] Updater:351 - Updater called before beeing initialized
2026-01-12 09:48:01,960 [WARN] DetailPanel:346 - Failed to get advertising image, set to default
2026-01-12 09:48:02,042 [FATAL] Updater:351 - Updater called before beeing initialized
2026-01-12 09:48:02,042 [FATAL] Updater:351 - Updater called before beeing initialized
2026-01-12 09:48:02,042 [FATAL] Updater:351 - Updater called before beeing initialized
2026-01-12 09:48:02,042 [WARN] DetailPanel:346 - Failed to get advertising image, set to default
2026-01-12 09:48:02,042 [FATAL] Updater:351 - Updater called before beeing initialized
2026-01-12 09:48:02,075 [ERROR] Updater:1198 - MainUpdater not yet initialized. External WinMGr cannot be set.
2026-01-12 09:48:02,075 [INFO] Updater:1134 - Updater Version found : 6.15.0
2026-01-12 09:48:02,091 [INFO] ApplicationProperties:184 - Using Application install path: C:\ST\STM32CubeIDE_1.19.0\STM32CubeIDE\plugins\com.st.stm32cube.common.mx_6.15.0.202507011659
2026-01-12 09:48:02,355 [INFO] MainUpdater:2872 - connection check result : 10
2026-01-12 09:48:02,355 [INFO] MainUpdater:289 - Updater Check For Update Now.
2026-01-12 09:48:02,355 [INFO] MicroXplorer:498 - Change Database Version : DB.6.0.150
2026-01-12 09:48:02,360 [INFO] McuFinderGlobals:63 - Set McuFinder mode to 2 (CubeIDE integrated)
2026-01-12 09:48:02,362 [INFO] UserAuth:487 - Internet connection configuration mode: 1
2026-01-12 09:48:02,379 [INFO] JxBrowserEngine:152 - Initiate JxBrowser Engine with user profile folder
2026-01-12 09:48:02,547 [INFO] CheckServerUpdateThread:120 - End of CheckServer Thread
2026-01-12 09:48:03,033 [INFO] WebApp:169 - Instantiating new browser for Auth
2026-01-12 09:48:03,911 [INFO] WebApp:463 - Apply proxy settings
2026-01-12 09:48:03,911 [INFO] WebApp:548 - Chromium requires no authentication
2026-01-12 09:48:03,914 [INFO] WebApp:491 - Direct internet connection detected
2026-01-12 09:48:03,932 [INFO] WebApp:900 - Register for checkConnection events
2026-01-12 09:48:03,932 [INFO] WebApp:463 - Apply proxy settings
2026-01-12 09:48:03,932 [INFO] WebApp:548 - Chromium requires no authentication
2026-01-12 09:48:03,932 [INFO] WebApp:491 - Direct internet connection detected
2026-01-12 09:48:04,081 [INFO] WebApp:225 - Starting web application
2026-01-12 09:48:04,087 [INFO] WebApp:593 - Web application path used C:\ST\STM32CubeIDE_1.19.0\STM32CubeIDE\plugins\com.st.stm32cube.common.mx_6.15.0.202507011659\db\plugins\mcufinder\reactClient1\index.html
2026-01-12 09:48:04,201 [INFO] UserAuth:487 - Internet connection configuration mode: 1
2026-01-12 09:48:04,280 [WARN] PackLoader:240 - Cannot read IP mode file for STMicroelectronics.FP-SNS-MOTENVWB1.1.4.0
2026-01-12 09:48:04,286 [WARN] PackLoader:240 - Cannot read IP mode file for STMicroelectronics.FP-ATR-ASTRA1.2.0.2
2026-01-12 09:48:04,295 [WARN] PackLoader:240 - Cannot read IP mode file for STMicroelectronics.FP-ATR-ASTRA1.2.0.1
2026-01-12 09:48:04,303 [WARN] PackLoader:240 - Cannot read IP mode file for STMicroelectronics.X-CUBE-SMBUS.2.1.0
2026-01-12 09:48:04,313 [WARN] PackLoader:240 - Cannot read IP mode file for STMicroelectronics.X-CUBE-WB05N.1.1.0
2026-01-12 09:48:04,320 [WARN] PackLoader:240 - Cannot read IP mode file for STMicroelectronics.X-CUBE-ST60.1.0.0
2026-01-12 09:48:04,355 [WARN] PackLoader:240 - Cannot read IP mode file for STMicroelectronics.X-CUBE-AZRTOS-F7.1.1.0
2026-01-12 09:48:04,365 [WARN] PackLoader:240 - Cannot read IP mode file for Cesanta.I-CUBE-Mongoose.7.19.0
2026-01-12 09:48:04,368 [WARN] PackLoader:240 - Cannot read IP mode file for STMicroelectronics.FP-SNS-MOTENV1.5.1.0
2026-01-12 09:48:04,381 [WARN] PackLoader:240 - Cannot read IP mode file for WES.I-CUBE-Cesium.1.4.0
2026-01-12 09:48:04,388 [WARN] PackLoader:240 - Cannot read IP mode file for STMicroelectronics.FP-SNS-FLIGHT1.5.0.2
2026-01-12 09:48:04,425 [WARN] PackLoader:240 - Cannot read IP mode file for Infineon.AIROC-Wi-Fi-Bluetooth-STM32.1.7.0
2026-01-12 09:48:04,448 [WARN] PackLoader:240 - Cannot read IP mode file for Infineon.AIROC-Wi-Fi-Bluetooth-STM32.1.7.1
2026-01-12 09:48:04,479 [WARN] PackLoader:240 - Cannot read IP mode file for STMicroelectronics.X-CUBE-AZRTOS-H7.3.4.0
2026-01-12 09:48:04,490 [WARN] PackLoader:240 - Cannot read IP mode file for STMicroelectronics.X-CUBE-DISPLAY.3.0.0
2026-01-12 09:48:04,503 [WARN] PackLoader:240 - Cannot read IP mode file for STMicroelectronics.X-CUBE-BLE1.7.0.0
2026-01-12 09:48:04,509 [WARN] PackLoader:240 - Cannot read IP mode file for STMicroelectronics.X-CUBE-NFC10.1.0.0
2026-01-12 09:48:04,520 [WARN] PackLoader:240 - Cannot read IP mode file for STMicroelectronics.X-CUBE-BLEMGR.4.0.0
2026-01-12 09:48:04,526 [WARN] PackLoader:240 - Cannot read IP mode file for STMicroelectronics.X-CUBE-ST60.1.1.0
2026-01-12 09:48:04,535 [WARN] PackLoader:240 - Cannot read IP mode file for emotas.I-CUBE-CANOPEN.1.3.0
2026-01-12 09:48:04,540 [WARN] PackLoader:240 - Cannot read IP mode file for STMicroelectronics.X-CUBE-GNSS1.7.1.0
2026-01-12 09:48:04,548 [WARN] PackLoader:240 - Cannot read IP mode file for STMicroelectronics.FP-SNS-STBOX1.2.1.0
2026-01-12 09:48:04,554 [WARN] PackLoader:240 - Cannot read IP mode file for STMicroelectronics.FP-SNS-SMARTAG2.1.2.0
2026-01-12 09:48:04,558 [WARN] PackLoader:240 - Cannot read IP mode file for STMicroelectronics.FP-SNS-FLIGHT1.5.1.0
2026-01-12 09:48:04,594 [WARN] PackLoader:240 - Cannot read IP mode file for STMicroelectronics.X-CUBE-MEMS1.11.1.0
2026-01-12 09:48:04,782 [INFO] LogOutputStream:77 - [STDOUT_REDIRECT] 1 : Invalid condition id : UX_CORESTACK_Condition cause : null
2026-01-12 09:48:04,783 [INFO] LogOutputStream:77 - [STDOUT_REDIRECT] 1 : Invalid condition id : UX_CORESTACK_Condition cause : null
2026-01-12 09:48:04,783 [INFO] LogOutputStream:77 - [STDOUT_REDIRECT] 1 : Invalid condition id : UX_CORESTACK_Condition cause : null
2026-01-12 09:48:04,786 [INFO] LogOutputStream:77 - [STDOUT_REDIRECT] 1 : Invalid condition id : UX_CORESTACK_Condition cause : null
2026-01-12 09:48:04,787 [INFO] LogOutputStream:77 - [STDOUT_REDIRECT] 1 : Invalid condition id : UX_CORESTACK_Condition cause : null
2026-01-12 09:48:04,789 [WARN] PackLoader:240 - Cannot read IP mode file for STMicroelectronics.X-CUBE-AZRTOS-WL.2.0.0
2026-01-12 09:48:04,793 [WARN] PackLoader:240 - Cannot read IP mode file for STMicroelectronics.FP-SNS-MOTENV1.5.0.0
2026-01-12 09:48:04,808 [WARN] PackLoader:240 - Cannot read IP mode file for STMicroelectronics.X-CUBE-AZRTOS-H7RS.1.2.0
2026-01-12 09:48:04,814 [WARN] PackLoader:240 - Cannot read IP mode file for wolfSSL.I-CUBE-wolfMQTT.1.19.0
2026-01-12 09:48:04,819 [WARN] PackLoader:240 - Cannot read IP mode file for WES.I-CUBE-Cesium.1.3.0
2026-01-12 09:48:04,824 [WARN] PackLoader:240 - Cannot read IP mode file for STMicroelectronics.X-CUBE-BLE2.3.3.0
2026-01-12 09:48:04,848 [WARN] PackLoader:240 - Cannot read IP mode file for STMicroelectronics.X-CUBE-NFC9.1.0.0
2026-01-12 09:48:04,855 [WARN] PackLoader:240 - Cannot read IP mode file for wolfSSL.I-CUBE-wolfSSL.5.8.2
2026-01-12 09:48:04,859 [WARN] PackLoader:240 - Cannot read IP mode file for STMicroelectronics.X-CUBE-BLE1.7.1.0
2026-01-12 09:48:04,865 [WARN] PackLoader:240 - Cannot read IP mode file for wolfSSL.I-CUBE-wolfMQTT.1.19.2
2026-01-12 09:48:04,870 [WARN] PackLoader:240 - Cannot read IP mode file for STMicroelectronics.X-CUBE-FREERTOS.1.4.0
2026-01-12 09:48:04,875 [WARN] PackLoader:240 - Cannot read IP mode file for STMicroelectronics.X-CUBE-EEPRMA1.5.2.0
2026-01-12 09:48:04,891 [WARN] PackLoader:240 - Cannot read IP mode file for STMicroelectronics.X-CUBE-ST67W61.1.1.0
2026-01-12 09:48:04,923 [WARN] PackLoader:240 - Cannot read IP mode file for STMicroelectronics.X-CUBE-MEMS1.12.0.0
2026-01-12 09:48:04,994 [WARN] PackLoader:240 - Cannot read IP mode file for STMicroelectronics.X-CUBE-AZRTOS-G0.1.1.0
2026-01-12 09:48:05,003 [WARN] PackLoader:240 - Cannot read IP mode file for STMicroelectronics.X-CUBE-SAFEA1.1.2.2
2026-01-12 09:48:05,010 [WARN] PackLoader:240 - Cannot read IP mode file for STMicroelectronics.X-CUBE-NFC4.3.0.0
2026-01-12 09:48:05,019 [WARN] PackLoader:240 - Cannot read IP mode file for EmbeddedOffice.I-CUBE-FS-RTOS.1.0.1
2026-01-12 09:48:05,025 [WARN] PackLoader:240 - Cannot read IP mode file for STMicroelectronics.X-CUBE-WB05N.2.0.0
2026-01-12 09:48:05,031 [WARN] PackLoader:240 - Cannot read IP mode file for wolfSSL.I-CUBE-wolfTPM.3.8.0
2026-01-12 09:48:05,038 [WARN] PackLoader:240 - Cannot read IP mode file for STMicroelectronics.X-CUBE-TCPP.4.2.0
2026-01-12 09:48:05,060 [WARN] PackLoader:240 - Cannot read IP mode file for RealThread.X-CUBE-RT-Thread_Nano.4.1.1
2026-01-12 09:48:05,065 [WARN] PackLoader:240 - Cannot read IP mode file for STMicroelectronics.FP-ATR-SIGFOX1.3.2.0
2026-01-12 09:48:05,071 [WARN] ConditionMgr:438 - getConditionDescription Invalid condition id : Cortex-A Device cause : null
2026-01-12 09:48:05,079 [WARN] ConditionMgr:1044 - genDependencies : Invalid condition id : Cortex-A Device cause : null
2026-01-12 09:48:05,080 [WARN] ConditionMgr:1044 - genDependencies : Invalid condition id : Cortex-A Device cause : null
2026-01-12 09:48:05,080 [WARN] ConditionMgr:1044 - genDependencies : Invalid condition id : Cortex-A Device cause : null
2026-01-12 09:48:05,085 [WARN] PackLoader:240 - Cannot read IP mode file for STMicroelectronics.X-CUBE-EEPRMA1.5.1.0
2026-01-12 09:48:05,090 [WARN] PackLoader:240 - Cannot read IP mode file for wolfSSL.I-CUBE-wolfSSL.5.7.4
2026-01-12 09:48:05,095 [WARN] PackLoader:240 - Cannot read IP mode file for ITTIA_DB.I-CUBE-ITTIADB.8.9.0
2026-01-12 09:48:05,101 [WARN] PackLoader:240 - Cannot read IP mode file for STMicroelectronics.X-CUBE-ST67W61.1.0.0
2026-01-12 09:48:05,104 [WARN] PackLoader:240 - Cannot read IP mode file for STMicroelectronics.X-CUBE-AI.10.2.0
2026-01-12 09:48:05,133 [WARN] PackLoader:240 - Cannot read IP mode file for SEGGER.I-CUBE-embOS.1.3.1
2026-01-12 09:48:05,156 [WARN] PackLoader:240 - Cannot read IP mode file for STMicroelectronics.X-CUBE-ALGOBUILD.1.4.0
2026-01-12 09:48:05,187 [WARN] PackLoader:240 - Cannot read IP mode file for STMicroelectronics.X-CUBE-MEMS1.11.3.0
2026-01-12 09:48:05,339 [WARN] PackLoader:240 - Cannot read IP mode file for STMicroelectronics.X-CUBE-AI.9.1.0
2026-01-12 09:48:05,352 [WARN] PackLoader:240 - Cannot read IP mode file for STMicroelectronics.X-CUBE-PM33A1.1.0.0
2026-01-12 09:48:05,387 [WARN] PackLoader:240 - Cannot read IP mode file for STMicroelectronics.X-CUBE-AZRTOS-F4.1.1.0
2026-01-12 09:48:05,410 [WARN] PackLoader:240 - Cannot read IP mode file for Avnet-IotConnect.X-CUBE-IoTC-DA16k-PMOD.1.0.0
2026-01-12 09:48:05,492 [WARN] PackLoader:240 - Cannot read IP mode file for STMicroelectronics.X-CUBE-ISPU.2.1.0
2026-01-12 09:48:05,505 [WARN] PackLoader:240 - Cannot read IP mode file for STMicroelectronics.X-CUBE-IPS.3.2.0
2026-01-12 09:48:05,520 [WARN] PackLoader:240 - Cannot read IP mode file for STMicroelectronics.X-CUBE-NFC12.1.0.0
2026-01-12 09:48:05,538 [WARN] PackLoader:240 - Cannot read IP mode file for STMicroelectronics.X-CUBE-AZRTOS-L5.2.0.0
2026-01-12 09:48:05,550 [WARN] PackLoader:240 - Cannot read IP mode file for STMicroelectronics.X-CUBE-NFC6.3.1.0
2026-01-12 09:48:05,558 [WARN] PackLoader:240 - Cannot read IP mode file for STMicroelectronics.X-CUBE-DPower.1.2.0
2026-01-12 09:48:05,567 [WARN] PackLoader:240 - Cannot read IP mode file for STMicroelectronics.X-CUBE-FREERTOS.1.3.1
2026-01-12 09:48:05,576 [WARN] PackLoader:240 - Cannot read IP mode file for STMicroelectronics.X-CUBE-FREERTOS.1.3.0
2026-01-12 09:48:05,580 [INFO] WebApp:191 - Connection restablished
2026-01-12 09:48:05,590 [WARN] PackLoader:240 - Cannot read IP mode file for STMicroelectronics.X-CUBE-NFC7.1.0.1
2026-01-12 09:48:05,598 [WARN] PackLoader:240 - Cannot read IP mode file for STMicroelectronics.X-CUBE-TOUCHGFX.4.26.0
2026-01-12 09:48:05,610 [WARN] PackLoader:240 - Cannot read IP mode file for STMicroelectronics.FP-SNS-STAIOTCFT.1.0.0
2026-01-12 09:48:05,623 [WARN] PackLoader:240 - Cannot read IP mode file for STMicroelectronics.X-CUBE-DPower.1.3.0
2026-01-12 09:48:05,643 [WARN] ConditionMgr:438 - getConditionDescription Invalid condition id : LAN8742 Phy interface Condition cause : null
2026-01-12 09:48:05,644 [WARN] PackLoader:240 - Cannot read IP mode file for STMicroelectronics.X-CUBE-AZRTOS-L4.2.0.0
2026-01-12 09:48:05,645 [WARN] ConditionMgr:1044 - genDependencies : Invalid condition id : LAN8742 Phy interface Condition cause : null
2026-01-12 09:48:05,645 [WARN] ConditionMgr:1044 - genDependencies : Invalid condition id : LAN8742 Phy interface Condition cause : null
2026-01-12 09:48:05,646 [WARN] ConditionMgr:1044 - genDependencies : Invalid condition id : LAN8742 Phy interface Condition cause : null
2026-01-12 09:48:05,668 [WARN] PackLoader:240 - Cannot read IP mode file for STMicroelectronics.X-CUBE-SFXS2LP1.4.0.0
2026-01-12 09:48:05,691 [WARN] PackLoader:240 - Cannot read IP mode file for STMicroelectronics.X-CUBE-AZRTOS-H7.3.3.0
2026-01-12 09:48:05,703 [WARN] PackLoader:240 - Cannot read IP mode file for STMicroelectronics.X-CUBE-BLEMGR.4.1.0
2026-01-12 09:48:05,730 [WARN] PackLoader:240 - Cannot read IP mode file for STMicroelectronics.X-CUBE-IPS.3.0.0
2026-01-12 09:48:05,748 [WARN] ConditionMgr:438 - getConditionDescription Invalid condition id : UX DEVICE CLASS RTOS Condition cause : null
2026-01-12 09:48:05,748 [WARN] ConditionMgr:438 - getConditionDescription Invalid condition id : UX DEVICE CLASS RTOS Condition cause : null
2026-01-12 09:48:05,750 [WARN] PackLoader:240 - Cannot read IP mode file for STMicroelectronics.X-CUBE-AZRTOS-WB.2.0.0
2026-01-12 09:48:05,751 [WARN] ConditionMgr:1044 - genDependencies : Invalid condition id : UX DEVICE CLASS RTOS Condition cause : null
2026-01-12 09:48:05,751 [WARN] ConditionMgr:1044 - genDependencies : Invalid condition id : UX DEVICE CLASS RTOS Condition cause : null
2026-01-12 09:48:05,751 [WARN] ConditionMgr:1044 - genDependencies : Invalid condition id : UX DEVICE CLASS RTOS Condition cause : null
2026-01-12 09:48:05,752 [WARN] ConditionMgr:1044 - genDependencies : Invalid condition id : UX DEVICE CLASS RTOS Condition cause : null
2026-01-12 09:48:05,752 [WARN] ConditionMgr:1044 - genDependencies : Invalid condition id : UX DEVICE CLASS RTOS Condition cause : null
2026-01-12 09:48:05,764 [WARN] PackLoader:240 - Cannot read IP mode file for STMicroelectronics.X-CUBE-GNSS1.7.0.1
2026-01-12 09:48:05,790 [WARN] PackLoader:240 - Cannot read IP mode file for STMicroelectronics.X-CUBE-TOUCHGFX.4.25.0
2026-01-12 09:48:05,813 [WARN] PackLoader:240 - Cannot read IP mode file for STMicroelectronics.FP-SNS-STBOX1.2.0.0
2026-01-12 09:48:05,843 [WARN] ConditionMgr:438 - getConditionDescription Invalid condition id : Cortex-A Device cause : null
2026-01-12 09:48:05,883 [WARN] ConditionMgr:1044 - genDependencies : Invalid condition id : Cortex-A Device cause : null
2026-01-12 09:48:05,883 [WARN] ConditionMgr:1044 - genDependencies : Invalid condition id : Cortex-A Device cause : null
2026-01-12 09:48:05,883 [WARN] ConditionMgr:1044 - genDependencies : Invalid condition id : Cortex-A Device cause : null
2026-01-12 09:48:05,894 [WARN] PackLoader:240 - Cannot read IP mode file for STMicroelectronics.X-CUBE-SUBG2.5.0.0
2026-01-12 09:48:05,919 [WARN] PackLoader:240 - Cannot read IP mode file for STMicroelectronics.X-CUBE-AZRTOS-H7RS.1.1.0
2026-01-12 09:48:05,929 [WARN] PackLoader:240 - Cannot read IP mode file for Cesanta.I-CUBE-Mongoose.7.13.0
2026-01-12 09:48:05,950 [WARN] PackLoader:240 - Cannot read IP mode file for STMicroelectronics.X-CUBE-AZRTOS-G4.2.0.0
2026-01-12 09:48:05,971 [WARN] PackLoader:240 - Cannot read IP mode file for wolfSSL.I-CUBE-wolfSSH.1.4.20
2026-01-12 09:48:06,023 [WARN] PackLoader:240 - Cannot read IP mode file for STMicroelectronics.X-CUBE-NFC7.2.0.0
2026-01-12 09:48:06,052 [WARN] PackLoader:240 - Cannot read IP mode file for STMicroelectronics.X-CUBE-IPS.3.1.0
2026-01-12 09:48:06,086 [WARN] PackLoader:240 - Cannot read IP mode file for STMicroelectronics.X-CUBE-ALS.1.0.2
2026-01-12 09:48:06,093 [WARN] PackLoader:240 - Cannot read IP mode file for STMicroelectronics.X-CUBE-TOUCHGFX.4.24.1
2026-01-12 09:48:06,103 [WARN] PackLoader:240 - Cannot read IP mode file for STMicroelectronics.X-CUBE-STSE01.1.0.0
2026-01-12 09:48:06,108 [WARN] PackLoader:240 - Cannot read IP mode file for wolfSSL.I-CUBE-wolfTPM.3.4.0
2026-01-12 09:48:06,128 [WARN] PackLoader:240 - Cannot read IP mode file for portGmbH.I-Cube-SoM-uGOAL.1.1.0
2026-01-12 09:48:06,146 [WARN] PackLoader:240 - Cannot read IP mode file for STMicroelectronics.X-CUBE-AZRTOS-H7RS.1.0.0
2026-01-12 09:48:06,162 [WARN] PackLoader:240 - Cannot read IP mode file for STMicroelectronics.X-CUBE-TOF1.3.4.2
2026-01-12 09:48:06,182 [WARN] PackLoader:240 - Cannot read IP mode file for STMicroelectronics.X-CUBE-TOF1.3.4.3
2026-01-12 09:48:06,206 [WARN] PackLoader:240 - Cannot read IP mode file for wolfSSL.I-CUBE-wolfSSH.1.4.17
2026-01-12 09:48:06,207 [INFO] ThirdParty:978 - Integrity check success = true
2026-01-12 09:48:06,207 [INFO] IntegrityCheckThread:100 - exiting critical section [integrity check]
2026-01-12 09:48:06,207 [INFO] IntegrityCheckThread:103 - End integrity checks thread
2026-01-12 09:49:18,493 [ERROR] LogOutputStream:75 - [STDERR_REDIRECT] 
